[33m[nodemon] 1.19.0[39m
[33m[nodemon] to restart at any time, enter `rs`[39m
[33m[nodemon] watching: *.*[39m
[32m[nodemon] starting `node src/app.js`[39m
Server on port 5000
DB conectada
[0mGET / [32m200 [0m5.453 ms - 7937[0m
[0mGET /resources/view/js/animate-in.js [36m304 [0m2.490 ms - -[0m
[0mGET /resources/view/js/navbar-ontop.js [36m304 [0m0.735 ms - -[0m
[0mGET /resources/view/js/smooth-scroll.js [36m304 [0m0.655 ms - -[0m
[0mGET /resources/view/style/elegant.css [32m200 [0m5.459 ms - 160301[0m
[0mGET /resources/view/assets/cities/cdmx_1.jpg [32m200 [0m3.509 ms - 143678[0m
[0mGET /resources/view/assets/cities/abudhabi_1.jpg [32m200 [0m4.117 ms - 145564[0m
[0mGET /resources/view/assets/logos/nodejs.png [32m200 [0m2.016 ms - 46753[0m
[0mGET /resources/view/assets/cities/lacountry_1.jpg [36m304 [0m1.632 ms - -[0m
[0mGET /resources/view/assets/cities/madrid_1.jpg [36m304 [0m0.643 ms - -[0m
[0mGET /resources/view/assets/cities/brasilia_1.jpg [32m200 [0m4.763 ms - 165496[0m
[0mGET /resources/view/assets/logos/mongo.png [32m200 [0m1.132 ms - 24137[0m
[0mGET /resources/view/assets/logos/leaflet.png [32m200 [0m1.053 ms - 38262[0m
[0mGET /resources/view/assets/logos/uami.png [32m200 [0m1.071 ms - 12555[0m
[0mGET /resources/view/assets/cities/paris_1.jpeg [32m200 [0m1.823 ms - 174423[0m
[32m[nodemon] restarting child process[39m
[32m[nodemon] restarting child process[39m
[32m[nodemon] starting `node src/app.js`[39m
Server on port 5000
DB conectada
[0mGET /busqueda/cdmx [32m200 [0m5.416 ms - 5971[0m
[0mGET /resources/view/style/elegant.css [36m304 [0m7.400 ms - -[0m
[0mGET /resources/view/js/smooth-scroll.js [36m304 [0m1.464 ms - -[0m
[0mGET /resources/view/js/navbar-ontop.js [36m304 [0m1.247 ms - -[0m
[0mGET /resources/view/js/animate-in.js [36m304 [0m1.232 ms - -[0m
[0mGET /resources/view/assets/types/mps.png [36m304 [0m3.898 ms - -[0m
[0mGET /resources/view/assets/types/gra.PNG [32m200 [0m6.881 ms - 28147[0m
[0mGET /searchRepVel/cdmx [32m200 [0m5.378 ms - 18994[0m
[0mGET /resources/view/js/navbar-ontop.js [36m304 [0m1.291 ms - -[0m
[0mGET /resources/view/js/animate-in.js [36m304 [0m1.330 ms - -[0m
[0mGET /resources/view/js/smooth-scroll.js [36m304 [0m0.614 ms - -[0m
[0mGET /resources/view/style/elegant.css [32m200 [0m1.314 ms - 160301[0m
[0mGET /views/bundle/plot_bundle_cdmx.js [32m200 [0m1.197 ms - 188166[0m
[0mGET / [36m304 [0m4.949 ms - -[0m
[0mGET /resources/view/style/elegant.css [36m304 [0m1.399 ms - -[0m
[0mGET /resources/view/js/navbar-ontop.js [36m304 [0m0.976 ms - -[0m
[0mGET /resources/view/js/animate-in.js [36m304 [0m0.994 ms - -[0m
[0mGET /resources/view/js/smooth-scroll.js [36m304 [0m0.641 ms - -[0m
[0mGET /resources/view/assets/cities/paris_1.jpeg [36m304 [0m2.049 ms - -[0m
[0mGET /resources/view/assets/cities/lacountry_1.jpg [36m304 [0m1.988 ms - -[0m
[0mGET /resources/view/assets/cities/cdmx_1.jpg [36m304 [0m1.925 ms - -[0m
[0mGET /resources/view/assets/cities/abudhabi_1.jpg [36m304 [0m0.691 ms - -[0m
[0mGET /resources/view/assets/cities/brasilia_1.jpg [36m304 [0m1.373 ms - -[0m
[0mGET /resources/view/assets/cities/madrid_1.jpg [36m304 [0m1.353 ms - -[0m
[0mGET /resources/view/assets/logos/nodejs.png [36m304 [0m1.356 ms - -[0m
[0mGET /resources/view/assets/logos/mongo.png [36m304 [0m1.308 ms - -[0m
[0mGET /resources/view/assets/logos/leaflet.png [36m304 [0m1.381 ms - -[0m
[0mGET /resources/view/assets/logos/uami.png [36m304 [0m1.059 ms - -[0m
[0mGET /busqueda/lacountry [36m304 [0m4.608 ms - -[0m
[0mGET /resources/view/style/elegant.css [36m304 [0m0.666 ms - -[0m
[0mGET /resources/view/js/animate-in.js [36m304 [0m1.391 ms - -[0m
[0mGET /resources/view/js/navbar-ontop.js [36m304 [0m1.274 ms - -[0m
[0mGET /resources/view/js/smooth-scroll.js [36m304 [0m1.893 ms - -[0m
[0mGET /resources/view/assets/types/gra.PNG [36m304 [0m0.656 ms - -[0m
[0mGET /resources/view/assets/types/mps.png [36m304 [0m0.679 ms - -[0m
[0mGET /searchRepVel/lacountry [32m200 [0m33.343 ms - 18016[0m
[0mGET /resources/view/style/elegant.css [36m304 [0m0.640 ms - -[0m
[0mGET /resources/view/js/navbar-ontop.js [36m304 [0m1.390 ms - -[0m
[0mGET /resources/view/js/animate-in.js [36m304 [0m1.272 ms - -[0m
[0mGET /resources/view/js/smooth-scroll.js [36m304 [0m0.119 ms - -[0m
[0mGET /views/bundle/plot_bundle_all.js [32m200 [0m17.571 ms - 180829[0m
[0mGET /searchRepVel/lacountry [32m200 [0m5.823 ms - 18016[0m
[0mGET /resources/view/js/animate-in.js [36m304 [0m1.350 ms - -[0m
[0mGET /resources/view/js/navbar-ontop.js [36m304 [0m1.307 ms - -[0m
[0mGET /resources/view/js/smooth-scroll.js [36m304 [0m1.337 ms - -[0m
[0mGET /views/bundle/plot_bundle_all.js [32m200 [0m0.974 ms - 180829[0m
[0mGET /resources/view/style/elegant.css [32m200 [0m1.116 ms - 160301[0m
[0mGET /searchRepVel/lacountry [36m304 [0m5.209 ms - -[0m
[0mGET /resources/view/js/navbar-ontop.js [36m304 [0m1.387 ms - -[0m
[0mGET /resources/view/js/animate-in.js [36m304 [0m1.342 ms - -[0m
[0mGET /resources/view/style/elegant.css [36m304 [0m2.024 ms - -[0m
[0mGET /resources/view/js/smooth-scroll.js [36m304 [0m0.612 ms - -[0m
[0mGET /views/bundle/plot_bundle_all.js [32m200 [0m0.990 ms - 180829[0m
[0mGET / [36m304 [0m54.318 ms - -[0m
[0mGET /resources/view/style/elegant.css [36m304 [0m0.647 ms - -[0m
[0mGET /resources/view/js/navbar-ontop.js [36m304 [0m0.612 ms - -[0m
[0mGET /resources/view/js/animate-in.js [36m304 [0m0.943 ms - -[0m
[0mGET /resources/view/js/smooth-scroll.js [36m304 [0m0.551 ms - -[0m
[0mGET /resources/view/assets/cities/lacountry_1.jpg [36m304 [0m1.221 ms - -[0m
[0mGET /resources/view/assets/cities/cdmx_1.jpg [36m304 [0m1.174 ms - -[0m
[0mGET /resources/view/assets/cities/paris_1.jpeg [36m304 [0m0.669 ms - -[0m
[0mGET /resources/view/assets/cities/abudhabi_1.jpg [36m304 [0m0.575 ms - -[0m
[0mGET /resources/view/assets/cities/madrid_1.jpg [36m304 [0m2.637 ms - -[0m
[0mGET /resources/view/assets/logos/nodejs.png [36m304 [0m2.453 ms - -[0m
[0mGET /resources/view/assets/cities/brasilia_1.jpg [36m304 [0m2.398 ms - -[0m
[0mGET /resources/view/assets/logos/leaflet.png [36m304 [0m2.618 ms - -[0m
[0mGET /resources/view/assets/logos/uami.png [36m304 [0m1.188 ms - -[0m
[0mGET /resources/view/assets/logos/mongo.png [36m304 [0m1.148 ms - -[0m
[0mGET /busqueda/paris [32m200 [0m28.756 ms - 5974[0m
[0mGET /resources/view/js/navbar-ontop.js [36m304 [0m5.612 ms - -[0m
[0mGET /resources/view/js/animate-in.js [36m304 [0m0.297 ms - -[0m
[0mGET /resources/view/js/smooth-scroll.js [36m304 [0m0.249 ms - -[0m
[0mGET /resources/view/style/elegant.css [32m200 [0m19.332 ms - 160301[0m
[0mGET /resources/view/assets/types/mps.png [36m304 [0m1.274 ms - -[0m
[0mGET /resources/view/assets/types/gra.PNG [32m200 [0m22.239 ms - 28147[0m
[0mGET /searchRepVel/paris [32m200 [0m5.469 ms - 18008[0m
[0mGET /resources/view/style/elegant.css [36m304 [0m0.643 ms - -[0m
[0mGET /resources/view/js/navbar-ontop.js [36m304 [0m0.654 ms - -[0m
[0mGET /resources/view/js/animate-in.js [36m304 [0m0.559 ms - -[0m
[0mGET /resources/view/js/smooth-scroll.js [36m304 [0m0.599 ms - -[0m
[0mGET /views/bundle/plot_bundle_all.js [32m200 [0m0.287 ms - 180829[0m
[0mGET /searchRepVel/paris [36m304 [0m5.284 ms - -[0m
[0mGET /resources/view/style/elegant.css [36m304 [0m1.240 ms - -[0m
[0mGET /resources/view/js/navbar-ontop.js [36m304 [0m1.188 ms - -[0m
[0mGET /resources/view/js/animate-in.js [36m304 [0m1.252 ms - -[0m
[0mGET /resources/view/js/smooth-scroll.js [36m304 [0m0.603 ms - -[0m
[0mGET /views/bundle/plot_bundle_all.js [32m200 [0m1.504 ms - 180829[0m
[0mGET /searchRepVel/paris [32m200 [0m5.618 ms - 18008[0m
[0mGET /resources/view/js/navbar-ontop.js [36m304 [0m1.300 ms - -[0m
[0mGET /resources/view/js/animate-in.js [36m304 [0m1.207 ms - -[0m
[0mGET /resources/view/js/smooth-scroll.js [36m304 [0m1.218 ms - -[0m
[0mGET /resources/view/style/elegant.css [32m200 [0m1.214 ms - 160301[0m
[0mGET /views/bundle/plot_bundle_all.js [32m200 [0m0.922 ms - 180829[0m
[0mGET / [36m304 [0m3.115 ms - -[0m
[0mGET /resources/view/style/elegant.css [36m304 [0m0.636 ms - -[0m
[0mGET /resources/view/js/navbar-ontop.js [36m304 [0m0.617 ms - -[0m
[0mGET /resources/view/js/animate-in.js [36m304 [0m0.929 ms - -[0m
[0mGET /resources/view/js/smooth-scroll.js [36m304 [0m0.539 ms - -[0m
[0mGET /resources/view/assets/cities/lacountry_1.jpg [36m304 [0m0.629 ms - -[0m
[0mGET /resources/view/assets/cities/madrid_1.jpg [36m304 [0m0.545 ms - -[0m
[0mGET /resources/view/assets/logos/nodejs.png [32m200 [0m25.403 ms - 46753[0m
[0mGET /resources/view/assets/logos/mongo.png [32m200 [0m2.807 ms - 24137[0m
[0mGET /resources/view/assets/cities/paris_1.jpeg [32m200 [0m33.355 ms - 174423[0m
[0mGET /resources/view/assets/logos/leaflet.png [32m200 [0m6.680 ms - 38262[0m
[0mGET /resources/view/assets/cities/brasilia_1.jpg [32m200 [0m68.475 ms - 165496[0m
[0mGET /resources/view/assets/cities/abudhabi_1.jpg [32m200 [0m54.616 ms - 145564[0m
[0mGET /resources/view/assets/cities/cdmx_1.jpg [32m200 [0m79.381 ms - 143678[0m
[0mGET /resources/view/assets/logos/uami.png [32m200 [0m1.268 ms - 12555[0m
[0mGET /busqueda/abudhabi [32m200 [0m3.286 ms - 5983[0m
[0mGET /resources/view/js/animate-in.js [36m304 [0m1.368 ms - -[0m
[0mGET /resources/view/js/navbar-ontop.js [36m304 [0m1.176 ms - -[0m
[0mGET /resources/view/js/smooth-scroll.js [36m304 [0m1.169 ms - -[0m
[0mGET /resources/view/style/elegant.css [32m200 [0m1.533 ms - 160301[0m
[0mGET /resources/view/assets/types/mps.png [36m304 [0m0.866 ms - -[0m
[0mGET /resources/view/assets/types/gra.PNG [32m200 [0m2.273 ms - 28147[0m
[0mGET /searchRepVel/abudhabi [32m200 [0m1.531 ms - 18014[0m
[0mGET /resources/view/style/elegant.css [36m304 [0m0.663 ms - -[0m
[0mGET /resources/view/js/navbar-ontop.js [36m304 [0m0.669 ms - -[0m
[0mGET /resources/view/js/animate-in.js [36m304 [0m1.201 ms - -[0m
[0mGET /resources/view/js/smooth-scroll.js [36m304 [0m1.208 ms - -[0m
[0mGET /views/bundle/plot_bundle_all.js [32m200 [0m1.473 ms - 180829[0m
[0mGET / [36m304 [0m3.069 ms - -[0m
[0mGET /resources/view/style/elegant.css [36m304 [0m0.708 ms - -[0m
[0mGET /resources/view/js/navbar-ontop.js [36m304 [0m0.607 ms - -[0m
[0mGET /resources/view/js/smooth-scroll.js [36m304 [0m0.583 ms - -[0m
[0mGET /resources/view/js/animate-in.js [36m304 [0m1.948 ms - -[0m
[0mGET /resources/view/assets/cities/abudhabi_1.jpg [32m200 [0m1.759 ms - 145564[0m
[0mGET /resources/view/assets/cities/lacountry_1.jpg [36m304 [0m1.186 ms - -[0m
[0mGET /resources/view/assets/logos/nodejs.png [32m200 [0m1.473 ms - 46753[0m
[0mGET /resources/view/assets/cities/madrid_1.jpg [36m304 [0m0.569 ms - -[0m
[0mGET /resources/view/assets/logos/mongo.png [32m200 [0m1.035 ms - 24137[0m
[0mGET /resources/view/assets/cities/paris_1.jpeg [32m200 [0m1.448 ms - 174423[0m
[0mGET /resources/view/assets/cities/brasilia_1.jpg [32m200 [0m1.539 ms - 165496[0m
[0mGET /resources/view/assets/cities/cdmx_1.jpg [32m200 [0m1.560 ms - 143678[0m
[0mGET /resources/view/assets/logos/uami.png [32m200 [0m1.772 ms - 12555[0m
[0mGET /resources/view/assets/logos/leaflet.png [32m200 [0m1.764 ms - 38262[0m
[0mGET /busqueda/brasilia [32m200 [0m3.166 ms - 5983[0m
[0mGET /resources/view/js/smooth-scroll.js [36m304 [0m1.795 ms - -[0m
[0mGET /resources/view/js/animate-in.js [36m304 [0m1.737 ms - -[0m
[0mGET /resources/view/js/navbar-ontop.js [36m304 [0m1.710 ms - -[0m
[0mGET /resources/view/style/elegant.css [32m200 [0m0.886 ms - 160301[0m
[0mGET /resources/view/assets/types/mps.png [36m304 [0m1.181 ms - -[0m
[0mGET /resources/view/assets/types/gra.PNG [32m200 [0m1.552 ms - 28147[0m
[0mGET /searchRepVel/brasilia [32m200 [0m5.016 ms - 18014[0m
[0mGET /resources/view/style/elegant.css [36m304 [0m0.612 ms - -[0m
[0mGET /resources/view/js/navbar-ontop.js [36m304 [0m0.639 ms - -[0m
[0mGET /resources/view/js/animate-in.js [36m304 [0m0.591 ms - -[0m
[0mGET /resources/view/js/smooth-scroll.js [36m304 [0m0.567 ms - -[0m
[0mGET /views/bundle/plot_bundle_all.js [32m200 [0m0.902 ms - 180829[0m
[0mGET / [36m304 [0m3.067 ms - -[0m
[0mGET /resources/view/assets/cities/cdmx_1.jpg [36m304 [0m0.586 ms - -[0m
[0mGET /resources/view/style/elegant.css [36m304 [0m0.913 ms - -[0m
[0mGET /resources/view/assets/cities/abudhabi_1.jpg [36m304 [0m0.563 ms - -[0m
[0mGET /resources/view/assets/cities/paris_1.jpeg [36m304 [0m0.587 ms - -[0m
[0mGET /resources/view/js/navbar-ontop.js [36m304 [0m0.326 ms - -[0m
[0mGET /resources/view/assets/cities/brasilia_1.jpg [36m304 [0m0.317 ms - -[0m
[0mGET /resources/view/assets/logos/nodejs.png [36m304 [0m0.157 ms - -[0m
[0mGET /resources/view/js/animate-in.js [36m304 [0m0.590 ms - -[0m
[0mGET /resources/view/js/smooth-scroll.js [36m304 [0m0.553 ms - -[0m
[0mGET /resources/view/assets/logos/uami.png [36m304 [0m1.242 ms - -[0m
[0mGET /resources/view/assets/cities/madrid_1.jpg [36m304 [0m1.152 ms - -[0m
[0mGET /resources/view/assets/logos/mongo.png [36m304 [0m1.116 ms - -[0m
[0mGET /resources/view/assets/cities/lacountry_1.jpg [36m304 [0m1.107 ms - -[0m
[0mGET /resources/view/assets/logos/leaflet.png [36m304 [0m0.168 ms - -[0m
[0mGET /busqueda/madrid [32m200 [0m3.180 ms - 5977[0m
[0mGET /resources/view/js/navbar-ontop.js [36m304 [0m0.651 ms - -[0m
[0mGET /resources/view/style/elegant.css [36m304 [0m0.581 ms - -[0m
[0mGET /resources/view/js/animate-in.js [36m304 [0m1.187 ms - -[0m
[0mGET /resources/view/js/smooth-scroll.js [36m304 [0m1.124 ms - -[0m
[0mGET /resources/view/assets/types/mps.png [36m304 [0m0.170 ms - -[0m
[0mGET /resources/view/assets/types/gra.PNG [32m200 [0m0.527 ms - 28147[0m
[0mGET /searchRepVel/madrid [32m200 [0m5.616 ms - 18010[0m
[0mGET /resources/view/js/navbar-ontop.js [36m304 [0m1.151 ms - -[0m
[0mGET /resources/view/style/elegant.css [36m304 [0m1.098 ms - -[0m
[0mGET /resources/view/js/animate-in.js [36m304 [0m0.553 ms - -[0m
[0mGET /resources/view/js/smooth-scroll.js [36m304 [0m0.558 ms - -[0m
[0mGET /views/bundle/plot_bundle_all.js [32m200 [0m1.288 ms - 180829[0m
[0mGET /searchRepVel/madrid [36m304 [0m5.769 ms - -[0m
[0mGET /resources/view/js/animate-in.js [36m304 [0m0.670 ms - -[0m
[0mGET /resources/view/js/navbar-ontop.js [36m304 [0m1.135 ms - -[0m
[0mGET /resources/view/style/elegant.css [36m304 [0m1.194 ms - -[0m
[0mGET /resources/view/js/smooth-scroll.js [36m304 [0m0.569 ms - -[0m
[0mGET /views/bundle/plot_bundle_all.js [32m200 [0m0.824 ms - 180829[0m
[0mGET /searchRepVel/madrid [36m304 [0m5.288 ms - -[0m
[0mGET /resources/view/style/elegant.css [36m304 [0m1.382 ms - -[0m
[0mGET /resources/view/js/navbar-ontop.js [36m304 [0m0.566 ms - -[0m
[0mGET /resources/view/js/animate-in.js [36m304 [0m0.536 ms - -[0m
[0mGET /resources/view/js/smooth-scroll.js [36m304 [0m0.582 ms - -[0m
[0mGET /views/bundle/plot_bundle_all.js [32m200 [0m2.568 ms - 180829[0m
[0mGET /busqueda/madrid [36m304 [0m0.729 ms - -[0m
[0mGET /resources/view/style/elegant.css [36m304 [0m0.616 ms - -[0m
[0mGET /resources/view/js/navbar-ontop.js [36m304 [0m0.578 ms - -[0m
[0mGET /resources/view/js/animate-in.js [36m304 [0m0.823 ms - -[0m
[0mGET /resources/view/js/smooth-scroll.js [36m304 [0m0.532 ms - -[0m
[0mGET /resources/view/assets/types/mps.png [36m304 [0m1.125 ms - -[0m
[0mGET /resources/view/assets/types/gra.PNG [36m304 [0m1.070 ms - -[0m
[0mGET /searchMaps/madrid [32m200 [0m240.971 ms - 6918[0m
[0mGET /resources/view/js/navbar-ontop.js [36m304 [0m0.326 ms - -[0m
[0mGET /resources/view/js/smooth-scroll.js [36m304 [0m0.912 ms - -[0m
[0mGET /resources/view/js/animate-in.js [36m304 [0m0.870 ms - -[0m
[0mGET /resources/view/style/table.css [32m200 [0m21.030 ms - 134[0m
[0mGET /resources/view/style/elegant.css [32m200 [0m0.875 ms - 160301[0m
[0mGET /searchDate/madrid?date=2019-05-01 [32m200 [0m1269.702 ms - 25534[0m
[0mGET /resources/view/js/navbar-ontop.js [36m304 [0m0.633 ms - -[0m
[0mGET /resources/view/style/table.css [32m200 [0m0.989 ms - 134[0m
[0mGET /resources/view/js/animate-in.js [36m304 [0m0.582 ms - -[0m
[0mGET /resources/view/js/smooth-scroll.js [36m304 [0m0.587 ms - -[0m
[0mGET /resources/view/style/elegant.css [32m200 [0m2.325 ms - 160301[0m
[0mGET /clustered/madrid&5d550c0f1a6a696f088973d9 [32m200 [0m733.778 ms - 153776[0m
[0mGET /resources/view/style/elegant.css [36m304 [0m0.644 ms - -[0m
[0mGET /resources/view/js/navbar-ontop.js [36m304 [0m0.538 ms - -[0m
[0mGET /resources/view/js/animate-in.js [36m304 [0m1.770 ms - -[0m
[0mGET /resources/view/style/screen.css [32m200 [0m27.833 ms - 487[0m
[0mGET /resources/clusteredMap/MarkerCluster.css [32m200 [0m16.636 ms - 886[0m
[0mGET /resources/clusteredMap/MarkerCluster.Default.css [32m200 [0m10.687 ms - 1346[0m
[0mGET /resources/states.js [36m304 [0m0.592 ms - -[0m
[0mGET /resources/view/style/mapStyle.js [32m200 [0m32.595 ms - 401[0m
[0mGET /resources/clusteredMap/leaflet.markercluster-src.js [32m200 [0m13.825 ms - 80427[0m
[0mGET /resources/view/js/smooth-scroll.js [36m304 [0m0.590 ms - -[0m
[0mGET /searchMaps/madrid [36m304 [0m2.949 ms - -[0m
[0mGET /resources/view/js/smooth-scroll.js [36m304 [0m0.609 ms - -[0m
[0mGET /resources/view/style/table.css [36m304 [0m0.615 ms - -[0m
[0mGET /resources/view/style/elegant.css [36m304 [0m0.804 ms - -[0m
[0mGET /resources/view/js/animate-in.js [36m304 [0m0.860 ms - -[0m
[0mGET /resources/view/js/navbar-ontop.js [36m304 [0m0.720 ms - -[0m
[0mGET /searchDate/madrid?date=2019-05-01 [32m200 [0m26.845 ms - 25534[0m
[0mGET /resources/view/style/table.css [36m304 [0m0.655 ms - -[0m
[0mGET /resources/view/style/elegant.css [36m304 [0m0.645 ms - -[0m
[0mGET /resources/view/js/navbar-ontop.js [36m304 [0m1.247 ms - -[0m
[0mGET /resources/view/js/animate-in.js [36m304 [0m1.241 ms - -[0m
[0mGET /resources/view/js/smooth-scroll.js [36m304 [0m0.621 ms - -[0m
[0mGET /masked/madrid&5d550c0f1a6a696f088973d9 [32m200 [0m130.661 ms - 153297[0m
[0mGET /resources/view/js/animate-in.js [36m304 [0m3.799 ms - -[0m
[0mGET /resources/view/js/navbar-ontop.js [36m304 [0m3.592 ms - -[0m
[0mGET /resources/maskedMap/leaflet.js [36m304 [0m3.693 ms - -[0m
[0mGET /resources/view/style/screen.css [32m200 [0m6.053 ms - 487[0m
[0mGET /resources/maskedMap/QuadTree.js [36m304 [0m0.611 ms - -[0m
[0mGET /resources/maskedMap/L.TileLayer.MaskCanvas.js [36m304 [0m1.362 ms - -[0m
[0mGET /resources/view/style/elegant.css [36m304 [0m1.234 ms - -[0m
[0mGET /resources/view/style/mapStyle.js [36m304 [0m1.669 ms - -[0m
[0mGET /resources/states.js [36m304 [0m1.551 ms - -[0m
[0mGET /resources/view/js/smooth-scroll.js [36m304 [0m0.651 ms - -[0m
[0mGET / [36m304 [0m4.844 ms - -[0m
[0mGET /resources/view/js/navbar-ontop.js [36m304 [0m0.659 ms - -[0m
[0mGET /resources/view/js/animate-in.js [36m304 [0m0.645 ms - -[0m
[0mGET /resources/view/js/smooth-scroll.js [36m304 [0m0.586 ms - -[0m
[0mGET /resources/view/style/elegant.css [36m304 [0m0.650 ms - -[0m
[0mGET /resources/view/assets/cities/lacountry_1.jpg [36m304 [0m1.945 ms - -[0m
[0mGET /resources/view/assets/cities/cdmx_1.jpg [36m304 [0m1.829 ms - -[0m
[0mGET /resources/view/assets/cities/paris_1.jpeg [36m304 [0m1.986 ms - -[0m
[0mGET /resources/view/assets/cities/abudhabi_1.jpg [36m304 [0m0.795 ms - -[0m
[0mGET /resources/view/assets/cities/brasilia_1.jpg [36m304 [0m0.621 ms - -[0m
[0mGET /resources/view/assets/logos/mongo.png [36m304 [0m5.564 ms - -[0m
[0mGET /resources/view/assets/logos/nodejs.png [36m304 [0m3.845 ms - -[0m
[0mGET /resources/view/assets/cities/madrid_1.jpg [36m304 [0m2.307 ms - -[0m
[0mGET /resources/view/assets/logos/leaflet.png [36m304 [0m0.343 ms - -[0m
[0mGET /resources/view/assets/logos/uami.png [36m304 [0m0.244 ms - -[0m
[0mGET /busqueda/cdmx [32m200 [0m3.566 ms - 5971[0m
[0mGET /resources/view/js/navbar-ontop.js [36m304 [0m0.608 ms - -[0m
[0mGET /resources/view/js/animate-in.js [36m304 [0m1.251 ms - -[0m
[0mGET /resources/view/js/smooth-scroll.js [36m304 [0m2.140 ms - -[0m
[0mGET /resources/view/style/elegant.css [32m200 [0m1.870 ms - 160301[0m
[0mGET /resources/view/assets/types/mps.png [36m304 [0m0.205 ms - -[0m
[0mGET /resources/view/assets/types/gra.PNG [32m200 [0m0.279 ms - 28147[0m
[0mGET /searchRepVel/cdmx [32m200 [0m9.919 ms - 18994[0m
[0mGET /resources/view/style/elegant.css [36m304 [0m0.610 ms - -[0m
[0mGET /resources/view/js/animate-in.js [36m304 [0m1.183 ms - -[0m
[0mGET /resources/view/js/navbar-ontop.js [36m304 [0m1.193 ms - -[0m
[0mGET /resources/view/js/smooth-scroll.js [36m304 [0m0.581 ms - -[0m
[0mGET /views/bundle/plot_bundle_cdmx.js [32m200 [0m12.623 ms - 188166[0m
[0mGET /busqueda/cdmx [36m304 [0m4.645 ms - -[0m
[0mGET /resources/view/js/navbar-ontop.js [36m304 [0m0.675 ms - -[0m
[0mGET /resources/view/js/animate-in.js [36m304 [0m0.777 ms - -[0m
[0mGET /resources/view/style/elegant.css [36m304 [0m3.698 ms - -[0m
[0mGET /resources/view/js/smooth-scroll.js [36m304 [0m1.247 ms - -[0m
[0mGET /resources/view/assets/types/gra.PNG [36m304 [0m0.615 ms - -[0m
[0mGET /resources/view/assets/types/mps.png [36m304 [0m0.601 ms - -[0m
[0mGET /searchMaps/cdmx [36m304 [0m3.000 ms - -[0m
[0mGET /resources/view/style/elegant.css [36m304 [0m2.467 ms - -[0m
[0mGET /resources/view/js/animate-in.js [36m304 [0m2.301 ms - -[0m
[0mGET /resources/view/js/smooth-scroll.js [36m304 [0m2.458 ms - -[0m
[0mGET /resources/view/js/navbar-ontop.js [36m304 [0m2.459 ms - -[0m
[0mGET /resources/view/style/table.css [36m304 [0m0.570 ms - -[0m
[0mGET /searchDate/cdmx?date=2019-05-01 [36m304 [0m1388.366 ms - -[0m
[0mGET /resources/view/style/table.css [36m304 [0m0.622 ms - -[0m
[0mGET /resources/view/style/elegant.css [36m304 [0m1.176 ms - -[0m
[0mGET /resources/view/js/navbar-ontop.js [36m304 [0m1.202 ms - -[0m
[0mGET /resources/view/js/animate-in.js [36m304 [0m0.596 ms - -[0m
[0mGET /resources/view/js/smooth-scroll.js [36m304 [0m0.553 ms - -[0m
[0mGET /masked/cdmx&5d5506771a6a696f0886e57d [32m200 [0m165.251 ms - 1381903[0m
[0mGET /resources/view/style/elegant.css [36m304 [0m2.179 ms - -[0m
[0mGET /resources/view/js/navbar-ontop.js [36m304 [0m2.107 ms - -[0m
[0mGET /resources/view/js/animate-in.js [36m304 [0m1.265 ms - -[0m
[0mGET /resources/view/style/screen.css [32m200 [0m1.709 ms - 487[0m
[0mGET /resources/maskedMap/leaflet.js [36m304 [0m1.015 ms - -[0m
[0mGET /resources/maskedMap/L.TileLayer.MaskCanvas.js [36m304 [0m1.208 ms - -[0m
[0mGET /resources/maskedMap/QuadTree.js [36m304 [0m1.076 ms - -[0m
[0mGET /resources/view/style/mapStyle.js [36m304 [0m0.567 ms - -[0m
[0mGET /resources/states.js [36m304 [0m0.590 ms - -[0m
[0mGET /resources/view/js/smooth-scroll.js [36m304 [0m0.648 ms - -[0m
[0mGET / [36m304 [0m4.569 ms - -[0m
[0mGET /resources/view/style/elegant.css [36m304 [0m1.256 ms - -[0m
[0mGET /resources/view/js/navbar-ontop.js [36m304 [0m0.924 ms - -[0m
[0mGET /resources/view/js/animate-in.js [36m304 [0m1.466 ms - -[0m
[0mGET /resources/view/js/smooth-scroll.js [36m304 [0m1.441 ms - -[0m
[0mGET /resources/view/assets/cities/abudhabi_1.jpg [32m200 [0m4.210 ms - 145564[0m
[0mGET /resources/view/assets/cities/lacountry_1.jpg [36m304 [0m0.605 ms - -[0m
[0mGET /resources/view/assets/cities/madrid_1.jpg [36m304 [0m0.720 ms - -[0m
[0mGET /resources/view/assets/logos/nodejs.png [36m304 [0m0.603 ms - -[0m
[0mGET /resources/view/assets/cities/paris_1.jpeg [32m200 [0m4.534 ms - 174423[0m
[0mGET /resources/view/assets/cities/brasilia_1.jpg [32m200 [0m3.743 ms - 165496[0m
[0mGET /resources/view/assets/cities/cdmx_1.jpg [32m200 [0m2.109 ms - 143678[0m
[0mGET /resources/view/assets/logos/mongo.png [36m304 [0m0.629 ms - -[0m
[0mGET /resources/view/assets/logos/leaflet.png [36m304 [0m0.586 ms - -[0m
[0mGET /resources/view/assets/logos/uami.png [36m304 [0m0.634 ms - -[0m
[0mGET / [32m200 [0m4.597 ms - 7937[0m
[0mGET /resources/view/style/elegant.css [32m200 [0m0.971 ms - 160301[0m
[0mGET /resources/view/js/navbar-ontop.js [36m304 [0m0.863 ms - -[0m
[0mGET /resources/view/js/animate-in.js [36m304 [0m0.533 ms - -[0m
[0mGET /resources/view/js/smooth-scroll.js [36m304 [0m0.587 ms - -[0m
[0mGET /resources/view/assets/cities/abudhabi_1.jpg [36m304 [0m1.857 ms - -[0m
[0mGET /resources/view/assets/cities/cdmx_1.jpg [36m304 [0m1.704 ms - -[0m
[0mGET /resources/view/assets/cities/paris_1.jpeg [36m304 [0m2.165 ms - -[0m
[0mGET /resources/view/assets/cities/lacountry_1.jpg [36m304 [0m1.030 ms - -[0m
[0mGET /resources/view/assets/cities/madrid_1.jpg [36m304 [0m0.691 ms - -[0m
[0mGET /resources/view/assets/logos/mongo.png [36m304 [0m0.649 ms - -[0m
[0mGET /resources/view/assets/cities/brasilia_1.jpg [36m304 [0m0.270 ms - -[0m
[0mGET /resources/view/assets/logos/leaflet.png [36m304 [0m1.612 ms - -[0m
[0mGET /resources/view/assets/logos/nodejs.png [36m304 [0m0.872 ms - -[0m
[0mGET /resources/view/assets/logos/uami.png [36m304 [0m0.914 ms - -[0m
[0mGET / [36m304 [0m4.419 ms - -[0m
[0mGET /resources/view/style/elegant.css [36m304 [0m0.660 ms - -[0m
[0mGET /resources/view/js/navbar-ontop.js [36m304 [0m0.579 ms - -[0m
[0mGET /resources/view/js/animate-in.js [36m304 [0m0.580 ms - -[0m
[0mGET /resources/view/js/smooth-scroll.js [36m304 [0m0.570 ms - -[0m
[0mGET /resources/view/assets/cities/cdmx_1.jpg [32m200 [0m0.960 ms - 143678[0m
[0mGET /resources/view/assets/cities/lacountry_1.jpg [36m304 [0m0.557 ms - -[0m
[0mGET /resources/view/assets/logos/nodejs.png [32m200 [0m2.237 ms - 46753[0m
[0mGET /resources/view/assets/logos/mongo.png [32m200 [0m0.885 ms - 24137[0m
[0mGET /resources/view/assets/cities/paris_1.jpeg [32m200 [0m2.529 ms - 174423[0m
[0mGET /resources/view/assets/cities/brasilia_1.jpg [32m200 [0m2.297 ms - 165496[0m
[0mGET /resources/view/assets/cities/abudhabi_1.jpg [32m200 [0m1.960 ms - 145564[0m
[0mGET /resources/view/assets/logos/leaflet.png [32m200 [0m0.835 ms - 38262[0m
[0mGET /resources/view/assets/logos/uami.png [32m200 [0m0.894 ms - 12555[0m
[0mGET /resources/view/assets/cities/madrid_1.jpg [36m304 [0m0.575 ms - -[0m
[0mGET /busqueda/cdmx [32m200 [0m5.053 ms - 5971[0m
[0mGET /resources/view/js/navbar-ontop.js [36m304 [0m1.151 ms - -[0m
[0mGET /resources/view/js/animate-in.js [36m304 [0m1.073 ms - -[0m
[0mGET /resources/view/js/smooth-scroll.js [36m304 [0m0.992 ms - -[0m
[0mGET /resources/view/style/elegant.css [32m200 [0m1.433 ms - 160301[0m
[0mGET /resources/view/assets/types/mps.png [36m304 [0m0.769 ms - -[0m
[0mGET /resources/view/assets/types/gra.PNG [32m200 [0m1.948 ms - 28147[0m
[0mGET /searchRepVel/cdmx [32m200 [0m5.142 ms - 18994[0m
[0mGET /resources/view/style/elegant.css [36m304 [0m3.008 ms - -[0m
[0mGET /resources/view/js/navbar-ontop.js [36m304 [0m2.950 ms - -[0m
[0mGET /resources/view/js/animate-in.js [36m304 [0m2.853 ms - -[0m
[0mGET /views/bundle/plot_bundle_cdmx.js [32m200 [0m0.823 ms - 188166[0m
[0mGET /resources/view/js/smooth-scroll.js [36m304 [0m0.588 ms - -[0m
[0mGET /resources/view/style/elegant.css [32m200 [0m0.876 ms - 160301[0m
[0mGET /searchMaps/cdmx [32m200 [0m3.772 ms - 6912[0m
[0mGET /resources/view/style/elegant.css [36m304 [0m0.568 ms - -[0m
[0mGET /resources/view/js/navbar-ontop.js [36m304 [0m1.151 ms - -[0m
[0mGET /resources/view/js/animate-in.js [36m304 [0m1.068 ms - -[0m
[0mGET /resources/view/js/smooth-scroll.js [36m304 [0m0.610 ms - -[0m
[0mGET /resources/view/style/table.css [32m200 [0m1.044 ms - 134[0m
[0mGET /searchDate/cdmx?date=2019-04-24 [32m200 [0m1542.724 ms - 25526[0m
[0mGET /resources/view/style/table.css [36m304 [0m0.619 ms - -[0m
[0mGET /resources/view/style/elegant.css [36m304 [0m1.201 ms - -[0m
[0mGET /resources/view/js/animate-in.js [36m304 [0m1.074 ms - -[0m
[0mGET /resources/view/js/navbar-ontop.js [36m304 [0m0.857 ms - -[0m
[0mGET /resources/view/js/smooth-scroll.js [36m304 [0m0.557 ms - -[0m
[0mGET /masked/cdmx&5d5505501a6a696f0886be7b [32m200 [0m125.333 ms - 1087196[0m
[0mGET /resources/view/js/navbar-ontop.js [36m304 [0m1.364 ms - -[0m
[0mGET /resources/view/js/animate-in.js [36m304 [0m2.071 ms - -[0m
[0mGET /resources/maskedMap/leaflet.js [36m304 [0m2.266 ms - -[0m
[0mGET /resources/view/style/screen.css [32m200 [0m4.615 ms - 487[0m
[0mGET /resources/maskedMap/QuadTree.js [36m304 [0m0.576 ms - -[0m
[0mGET /resources/view/style/mapStyle.js [36m304 [0m1.163 ms - -[0m
[0mGET /resources/maskedMap/L.TileLayer.MaskCanvas.js [36m304 [0m1.058 ms - -[0m
[0mGET /resources/states.js [36m304 [0m0.554 ms - -[0m
[0mGET /resources/view/style/elegant.css [36m304 [0m0.555 ms - -[0m
[0mGET /resources/view/js/smooth-scroll.js [36m304 [0m0.663 ms - -[0m
[0mGET /searchMaps/cdmx [36m304 [0m4.118 ms - -[0m
[0mGET /resources/view/style/table.css [36m304 [0m0.658 ms - -[0m
[0mGET /resources/view/js/navbar-ontop.js [36m304 [0m2.035 ms - -[0m
[0mGET /resources/view/js/animate-in.js [36m304 [0m2.040 ms - -[0m
[0mGET /resources/view/style/elegant.css [36m304 [0m2.077 ms - -[0m
[0mGET /resources/view/js/smooth-scroll.js [36m304 [0m0.729 ms - -[0m
[0mGET /busqueda/cdmx [32m200 [0m4.260 ms - 5971[0m
[0mGET /resources/view/js/smooth-scroll.js [36m304 [0m1.763 ms - -[0m
[0mGET /resources/view/js/animate-in.js [36m304 [0m1.708 ms - -[0m
[0mGET /resources/view/js/navbar-ontop.js [36m304 [0m1.306 ms - -[0m
[0mGET /resources/view/style/elegant.css [32m200 [0m3.497 ms - 160301[0m
[0mGET /resources/view/assets/types/mps.png [36m304 [0m0.780 ms - -[0m
[0mGET /resources/view/assets/types/gra.PNG [32m200 [0m1.989 ms - 28147[0m
[0mGET /searchMaps/cdmx [32m200 [0m7.620 ms - 6912[0m
[0mGET /resources/view/style/elegant.css [36m304 [0m0.609 ms - -[0m
[0mGET /resources/view/js/navbar-ontop.js [36m304 [0m1.319 ms - -[0m
[0mGET /resources/view/js/animate-in.js [36m304 [0m1.272 ms - -[0m
[0mGET /resources/view/style/table.css [32m200 [0m1.865 ms - 134[0m
[0mGET /resources/view/js/smooth-scroll.js [36m304 [0m1.144 ms - -[0m
[0mGET / [32m200 [0m3.097 ms - 7937[0m
[0mGET /resources/view/js/animate-in.js [36m304 [0m1.084 ms - -[0m
[0mGET /resources/view/js/navbar-ontop.js [36m304 [0m1.051 ms - -[0m
[0mGET /resources/view/js/smooth-scroll.js [36m304 [0m0.933 ms - -[0m
[0mGET /resources/view/style/elegant.css [32m200 [0m1.444 ms - 160301[0m
[0mGET /resources/view/assets/logos/nodejs.png [32m200 [0m3.415 ms - 46753[0m
[0mGET /resources/view/assets/cities/cdmx_1.jpg [32m200 [0m3.629 ms - 143678[0m
[0mGET /resources/view/assets/cities/abudhabi_1.jpg [32m200 [0m2.345 ms - 145564[0m
[0mGET /resources/view/assets/cities/lacountry_1.jpg [36m304 [0m0.534 ms - -[0m
[0mGET /resources/view/assets/cities/madrid_1.jpg [36m304 [0m0.537 ms - -[0m
[0mGET /resources/view/assets/logos/mongo.png [32m200 [0m2.987 ms - 24137[0m
[0mGET /resources/view/assets/cities/brasilia_1.jpg [32m200 [0m2.789 ms - 165496[0m
[0mGET /resources/view/assets/logos/leaflet.png [32m200 [0m0.898 ms - 38262[0m
[0mGET /resources/view/assets/cities/paris_1.jpeg [32m200 [0m3.865 ms - 174423[0m
[0mGET /resources/view/assets/logos/uami.png [32m200 [0m0.849 ms - 12555[0m
[0mGET /busqueda/paris [36m304 [0m3.198 ms - -[0m
[0mGET /resources/view/style/elegant.css [36m304 [0m1.168 ms - -[0m
[0mGET /resources/view/js/animate-in.js [36m304 [0m1.073 ms - -[0m
[0mGET /resources/view/js/navbar-ontop.js [36m304 [0m1.121 ms - -[0m
[0mGET /resources/view/js/smooth-scroll.js [36m304 [0m1.060 ms - -[0m
[0mGET /resources/view/assets/types/gra.PNG [36m304 [0m0.661 ms - -[0m
[0mGET /resources/view/assets/types/mps.png [36m304 [0m0.570 ms - -[0m
[0mGET /searchMaps/paris [32m200 [0m3.002 ms - 6915[0m
[0mGET /resources/view/style/table.css [36m304 [0m1.189 ms - -[0m
[0mGET /resources/view/js/animate-in.js [36m304 [0m1.119 ms - -[0m
[0mGET /resources/view/js/navbar-ontop.js [36m304 [0m1.770 ms - -[0m
[0mGET /resources/view/style/elegant.css [36m304 [0m0.573 ms - -[0m
[0mGET /resources/view/js/smooth-scroll.js [36m304 [0m0.517 ms - -[0m
[0mGET /searchDate/paris?date=2019-05-20 [32m200 [0m593.872 ms - 25530[0m
[0mGET /resources/view/style/table.css [36m304 [0m0.629 ms - -[0m
[0mGET /resources/view/style/elegant.css [36m304 [0m0.595 ms - -[0m
[0mGET /resources/view/js/navbar-ontop.js [36m304 [0m1.037 ms - -[0m
[0mGET /resources/view/js/animate-in.js [36m304 [0m1.149 ms - -[0m
[0mGET /resources/view/js/smooth-scroll.js [36m304 [0m1.045 ms - -[0m
[0mGET /masked/paris&5d55145285976044da61f9f8 [32m200 [0m67.063 ms - 462220[0m
[0mGET /resources/view/js/navbar-ontop.js [36m304 [0m1.381 ms - -[0m
[0mGET /resources/view/js/animate-in.js [36m304 [0m2.591 ms - -[0m
[0mGET /resources/view/style/screen.css [36m304 [0m2.417 ms - -[0m
[0mGET /resources/maskedMap/leaflet.js [36m304 [0m2.237 ms - -[0m
[0mGET /resources/maskedMap/QuadTree.js [36m304 [0m0.580 ms - -[0m
[0mGET /resources/view/style/mapStyle.js [36m304 [0m1.202 ms - -[0m
[0mGET /resources/maskedMap/L.TileLayer.MaskCanvas.js [36m304 [0m1.123 ms - -[0m
[0mGET /resources/states.js [36m304 [0m1.106 ms - -[0m
[0mGET /resources/view/style/elegant.css [36m304 [0m1.044 ms - -[0m
[0mGET /resources/view/js/smooth-scroll.js [36m304 [0m0.564 ms - -[0m
[0mGET / [36m304 [0m4.692 ms - -[0m
[0mGET /resources/view/style/elegant.css [36m304 [0m0.643 ms - -[0m
[0mGET /resources/view/js/animate-in.js [36m304 [0m0.745 ms - -[0m
[0mGET /resources/view/js/smooth-scroll.js [36m304 [0m1.213 ms - -[0m
[0mGET /resources/view/js/navbar-ontop.js [36m304 [0m1.165 ms - -[0m
[0mGET /resources/view/assets/cities/paris_1.jpeg [36m304 [0m0.555 ms - -[0m
[0mGET /resources/view/assets/cities/lacountry_1.jpg [36m304 [0m0.615 ms - -[0m
[0mGET /resources/view/assets/cities/abudhabi_1.jpg [36m304 [0m1.492 ms - -[0m
[0mGET /resources/view/assets/cities/cdmx_1.jpg [36m304 [0m1.381 ms - -[0m
[0mGET /resources/view/assets/cities/brasilia_1.jpg [36m304 [0m0.558 ms - -[0m
[0mGET /resources/view/assets/cities/madrid_1.jpg [36m304 [0m0.588 ms - -[0m
[0mGET /resources/view/assets/logos/nodejs.png [36m304 [0m0.853 ms - -[0m
[0mGET /resources/view/assets/logos/leaflet.png [36m304 [0m0.724 ms - -[0m
[0mGET /resources/view/assets/logos/mongo.png [36m304 [0m1.529 ms - -[0m
[0mGET /resources/view/assets/logos/uami.png [36m304 [0m1.375 ms - -[0m
[0mGET / [36m304 [0m2.945 ms - -[0m
[0mGET /resources/view/style/elegant.css [36m304 [0m0.623 ms - -[0m
[0mGET /resources/view/js/animate-in.js [36m304 [0m0.551 ms - -[0m
[0mGET /resources/view/js/navbar-ontop.js [36m304 [0m0.814 ms - -[0m
[0mGET /resources/view/js/smooth-scroll.js [36m304 [0m0.985 ms - -[0m
[0mGET /resources/view/assets/cities/paris_1.jpeg [36m304 [0m1.726 ms - -[0m
[0mGET /resources/view/assets/cities/lacountry_1.jpg [36m304 [0m1.604 ms - -[0m
[0mGET /resources/view/assets/cities/cdmx_1.jpg [36m304 [0m1.537 ms - -[0m
[0mGET /resources/view/assets/cities/abudhabi_1.jpg [36m304 [0m0.772 ms - -[0m
[0mGET /resources/view/assets/cities/brasilia_1.jpg [36m304 [0m2.607 ms - -[0m
[0mGET /resources/view/assets/cities/madrid_1.jpg [36m304 [0m2.473 ms - -[0m
[0mGET /resources/view/assets/logos/leaflet.png [36m304 [0m2.600 ms - -[0m
[0mGET /resources/view/assets/logos/nodejs.png [36m304 [0m2.507 ms - -[0m
[0mGET /resources/view/assets/logos/mongo.png [36m304 [0m0.715 ms - -[0m
[0mGET /resources/view/assets/logos/uami.png [36m304 [0m0.570 ms - -[0m
[0mGET / [32m200 [0m4.133 ms - 8006[0m
[0mGET /resources/view/js/animate-in.js [36m304 [0m0.847 ms - -[0m
[0mGET /resources/view/style/elegant.css [32m200 [0m1.442 ms - 160301[0m
[0mGET /resources/view/js/navbar-ontop.js [36m304 [0m0.639 ms - -[0m
[0mGET /resources/view/js/smooth-scroll.js [36m304 [0m0.583 ms - -[0m
[0mGET /resources/view/assets/cities/cdmx_1.jpg [32m200 [0m1.649 ms - 143678[0m
[0mGET /resources/view/assets/logos/nodejs.png [32m200 [0m0.953 ms - 46753[0m
[0mGET /resources/view/assets/logos/mongo.png [32m200 [0m0.997 ms - 24137[0m
[0mGET /resources/view/assets/cities/paris_1.jpeg [32m200 [0m1.599 ms - 174423[0m
[0mGET /resources/view/assets/cities/abudhabi_1.jpg [32m200 [0m1.453 ms - 145564[0m
[0mGET /resources/view/assets/cities/brasilia_1.jpg [32m200 [0m0.834 ms - 165496[0m
[0mGET /resources/view/assets/cities/lacountry_1.jpg [36m304 [0m0.798 ms - -[0m
[0mGET /resources/view/assets/logos/leaflet.png [32m200 [0m2.049 ms - 38262[0m
[0mGET /resources/view/assets/cities/madrid_1.jpg [36m304 [0m0.597 ms - -[0m
[0mGET /resources/view/assets/logos/uami.png [32m200 [0m0.897 ms - 12555[0m
[0mGET / [32m200 [0m4.081 ms - 8007[0m
[0mGET /resources/view/js/navbar-ontop.js [36m304 [0m0.704 ms - -[0m
[0mGET /resources/view/js/smooth-scroll.js [36m304 [0m0.850 ms - -[0m
[0mGET /resources/view/js/animate-in.js [36m304 [0m0.543 ms - -[0m
[0mGET /resources/view/style/elegant.css [32m200 [0m1.129 ms - 160301[0m
[0mGET /resources/view/assets/cities/cdmx_1.jpg [32m200 [0m1.497 ms - 143678[0m
[0mGET /resources/view/assets/cities/lacountry_1.jpg [36m304 [0m1.266 ms - -[0m
[0mGET /resources/view/assets/logos/nodejs.png [32m200 [0m0.903 ms - 46753[0m
[0mGET /resources/view/assets/cities/abudhabi_1.jpg [32m200 [0m1.627 ms - 145564[0m
[0mGET /resources/view/assets/cities/madrid_1.jpg [36m304 [0m0.591 ms - -[0m
[0mGET /resources/view/assets/cities/brasilia_1.jpg [32m200 [0m2.613 ms - 165496[0m
[0mGET /resources/view/assets/cities/paris_1.jpeg [32m200 [0m1.976 ms - 174423[0m
[0mGET /resources/view/assets/logos/leaflet.png [32m200 [0m2.948 ms - 38262[0m
[0mGET /resources/view/assets/logos/mongo.png [32m200 [0m1.764 ms - 24137[0m
[0mGET /resources/view/assets/logos/uami.png [32m200 [0m0.835 ms - 12555[0m
[0mGET / [32m200 [0m3.365 ms - 8028[0m
[0mGET /resources/view/style/elegant.css [32m200 [0m0.938 ms - 160301[0m
[0mGET /resources/view/js/animate-in.js [36m304 [0m0.812 ms - -[0m
[0mGET /resources/view/js/navbar-ontop.js [36m304 [0m1.945 ms - -[0m
[0mGET /resources/view/js/smooth-scroll.js [36m304 [0m1.189 ms - -[0m
[0mGET /resources/view/assets/cities/cdmx_1.jpg [36m304 [0m0.596 ms - -[0m
[0mGET /resources/view/assets/cities/lacountry_1.jpg [36m304 [0m0.570 ms - -[0m
[0mGET /resources/view/assets/cities/abudhabi_1.jpg [32m200 [0m1.558 ms - 145564[0m
[0mGET /resources/view/assets/cities/brasilia_1.jpg [32m200 [0m0.874 ms - 165496[0m
[0mGET /resources/view/assets/logos/nodejs.png [32m200 [0m1.291 ms - 46753[0m
[0mGET /resources/view/assets/logos/mongo.png [32m200 [0m2.090 ms - 24137[0m
[0mGET /resources/view/assets/logos/leaflet.png [32m200 [0m1.731 ms - 38262[0m
[0mGET /resources/view/assets/logos/uami.png [32m200 [0m0.920 ms - 12555[0m
[0mGET /resources/view/assets/cities/paris_1.jpeg [32m200 [0m2.877 ms - 174423[0m
[0mGET /resources/view/assets/cities/madrid_1.jpg [36m304 [0m1.120 ms - -[0m
[0mGET / [32m200 [0m3.263 ms - 8042[0m
[0mGET /resources/view/js/navbar-ontop.js [36m304 [0m0.612 ms - -[0m
[0mGET /resources/view/js/animate-in.js [36m304 [0m0.591 ms - -[0m
[0mGET /resources/view/js/smooth-scroll.js [36m304 [0m1.116 ms - -[0m
[0mGET /resources/view/style/elegant.css [32m200 [0m1.517 ms - 160301[0m
[0mGET /resources/view/assets/cities/cdmx_1.jpg [32m200 [0m2.138 ms - 143678[0m
[0mGET /resources/view/assets/cities/paris_1.jpeg [36m304 [0m0.962 ms - -[0m
[0mGET /resources/view/assets/cities/lacountry_1.jpg [36m304 [0m0.854 ms - -[0m
[0mGET /resources/view/assets/logos/nodejs.png [32m200 [0m1.232 ms - 46753[0m
[0mGET /resources/view/assets/logos/mongo.png [32m200 [0m0.892 ms - 24137[0m
[0mGET /resources/view/assets/cities/madrid_1.jpg [36m304 [0m0.603 ms - -[0m
[0mGET /resources/view/assets/cities/brasilia_1.jpg [32m200 [0m0.911 ms - 165496[0m
[0mGET /resources/view/assets/logos/leaflet.png [32m200 [0m1.147 ms - 38262[0m
[0mGET /resources/view/assets/cities/abudhabi_1.jpg [32m200 [0m1.453 ms - 145564[0m
[0mGET /resources/view/assets/logos/uami.png [32m200 [0m0.870 ms - 12555[0m
[0mGET / [32m200 [0m4.801 ms - 8060[0m
[0mGET /resources/view/style/elegant.css [32m200 [0m0.936 ms - 160301[0m
[0mGET /resources/view/js/animate-in.js [36m304 [0m0.843 ms - -[0m
[0mGET /resources/view/js/navbar-ontop.js [36m304 [0m0.534 ms - -[0m
[0mGET /resources/view/js/smooth-scroll.js [36m304 [0m0.543 ms - -[0m
[0mGET /resources/view/assets/cities/cdmx_1.jpg [32m200 [0m1.441 ms - 143678[0m
[0mGET /resources/view/assets/cities/lacountry_1.jpg [36m304 [0m0.174 ms - -[0m
[0mGET /resources/view/assets/logos/nodejs.png [32m200 [0m1.473 ms - 46753[0m
[0mGET /resources/view/assets/logos/mongo.png [32m200 [0m1.552 ms - 24137[0m
[0mGET /resources/view/assets/logos/leaflet.png [32m200 [0m0.875 ms - 38262[0m
[0mGET /resources/view/assets/cities/paris_1.jpeg [32m200 [0m3.932 ms - 174423[0m
[0mGET /resources/view/assets/cities/abudhabi_1.jpg [32m200 [0m0.296 ms - 145564[0m
[0mGET /resources/view/assets/cities/madrid_1.jpg [36m304 [0m0.563 ms - -[0m
[0mGET /resources/view/assets/cities/brasilia_1.jpg [32m200 [0m1.000 ms - 165496[0m
[0mGET /resources/view/assets/logos/uami.png [36m304 [0m0.595 ms - -[0m
[0mGET /busqueda/cdmx [32m200 [0m5.591 ms - 5989[0m
[0mGET /resources/view/style/elegant.css [36m304 [0m0.610 ms - -[0m
[0mGET /resources/view/js/navbar-ontop.js [36m304 [0m0.633 ms - -[0m
[0mGET /resources/view/js/animate-in.js [36m304 [0m0.528 ms - -[0m
[0mGET /resources/view/js/smooth-scroll.js [36m304 [0m0.826 ms - -[0m
[0mGET /resources/view/assets/types/mps.png [36m304 [0m0.776 ms - -[0m
[0mGET /resources/view/assets/types/gra.PNG [32m200 [0m2.027 ms - 28147[0m
[0mGET /searchRepVel/cdmx [32m200 [0m5.996 ms - 19012[0m
[0mGET /resources/view/js/navbar-ontop.js [36m304 [0m0.589 ms - -[0m
[0mGET /resources/view/style/elegant.css [36m304 [0m0.544 ms - -[0m
[0mGET /resources/view/js/animate-in.js [36m304 [0m0.589 ms - -[0m
[0mGET /resources/view/js/smooth-scroll.js [36m304 [0m0.574 ms - -[0m
[0mGET /views/bundle/plot_bundle_cdmx.js [32m200 [0m0.954 ms - 188166[0m
[0mGET / [32m200 [0m4.002 ms - 8060[0m
[0mGET /resources/view/js/navbar-ontop.js [36m304 [0m0.673 ms - -[0m
[0mGET /resources/view/style/elegant.css [36m304 [0m0.534 ms - -[0m
[0mGET /resources/view/js/animate-in.js [36m304 [0m0.608 ms - -[0m
[0mGET /resources/view/js/smooth-scroll.js [36m304 [0m0.527 ms - -[0m
[0mGET /resources/view/assets/cities/cdmx_1.jpg [36m304 [0m0.556 ms - -[0m
[0mGET /resources/view/assets/cities/lacountry_1.jpg [36m304 [0m0.578 ms - -[0m
[0mGET /resources/view/assets/cities/paris_1.jpeg [36m304 [0m1.694 ms - -[0m
[0mGET /resources/view/assets/cities/brasilia_1.jpg [36m304 [0m1.531 ms - -[0m
[0mGET /resources/view/assets/cities/abudhabi_1.jpg [36m304 [0m2.056 ms - -[0m
[0mGET /resources/view/assets/cities/madrid_1.jpg [36m304 [0m0.973 ms - -[0m
[0mGET /resources/view/assets/logos/nodejs.png [32m200 [0m0.897 ms - 46753[0m
[0mGET /resources/view/assets/logos/leaflet.png [36m304 [0m0.569 ms - -[0m
[0mGET /resources/view/assets/logos/uami.png [36m304 [0m1.064 ms - -[0m
[0mGET /resources/view/assets/logos/mongo.png [32m200 [0m1.261 ms - 24137[0m
[0mGET / [36m304 [0m3.083 ms - -[0m
[0mGET /resources/view/js/navbar-ontop.js [36m304 [0m0.589 ms - -[0m
[0mGET /resources/view/js/animate-in.js [36m304 [0m0.568 ms - -[0m
[0mGET /resources/view/js/smooth-scroll.js [36m304 [0m0.772 ms - -[0m
[0mGET /resources/view/style/elegant.css [36m304 [0m0.564 ms - -[0m
[0mGET /resources/view/assets/cities/lacountry_1.jpg [36m304 [0m1.401 ms - -[0m
[0mGET /resources/view/assets/cities/cdmx_1.jpg [32m200 [0m1.892 ms - 143678[0m
[0mGET /resources/view/assets/logos/nodejs.png [32m200 [0m1.026 ms - 46753[0m
[0mGET /resources/view/assets/logos/mongo.png [32m200 [0m0.977 ms - 24137[0m
[0mGET /resources/view/assets/cities/paris_1.jpeg [32m200 [0m2.847 ms - 174423[0m
[0mGET /resources/view/assets/cities/abudhabi_1.jpg [32m200 [0m0.288 ms - 145564[0m
[0mGET /resources/view/assets/cities/brasilia_1.jpg [32m200 [0m0.799 ms - 165496[0m
[0mGET /resources/view/assets/logos/leaflet.png [32m200 [0m0.976 ms - 38262[0m
[0mGET /resources/view/assets/logos/uami.png [32m200 [0m0.931 ms - 12555[0m
[0mGET /resources/view/assets/cities/madrid_1.jpg [36m304 [0m0.166 ms - -[0m
[0mGET /busqueda/cdmx [32m200 [0m4.068 ms - 5989[0m
[0mGET /resources/view/js/navbar-ontop.js [36m304 [0m0.599 ms - -[0m
[0mGET /resources/view/js/animate-in.js [36m304 [0m0.544 ms - -[0m
[0mGET /resources/view/js/smooth-scroll.js [36m304 [0m0.541 ms - -[0m
[0mGET /resources/view/style/elegant.css [32m200 [0m2.155 ms - 160301[0m
[0mGET /resources/view/assets/types/mps.png [36m304 [0m0.739 ms - -[0m
[0mGET /resources/view/assets/types/gra.PNG [32m200 [0m1.850 ms - 28147[0m
[0mGET /searchRepVel/cdmx [32m200 [0m5.589 ms - 19012[0m
[0mGET /resources/view/style/elegant.css [36m304 [0m0.570 ms - -[0m
[0mGET /resources/view/js/animate-in.js [36m304 [0m0.973 ms - -[0m
[0mGET /resources/view/js/navbar-ontop.js [36m304 [0m0.949 ms - -[0m
[0mGET /views/bundle/plot_bundle_cdmx.js [36m304 [0m0.548 ms - -[0m
[0mGET /resources/view/js/smooth-scroll.js [36m304 [0m0.240 ms - -[0m
[0mGET / [32m200 [0m1.631 ms - 8124[0m
[0mGET /resources/view/style/elegant.css [36m304 [0m0.625 ms - -[0m
[0mGET /resources/view/js/navbar-ontop.js [36m304 [0m0.573 ms - -[0m
[0mGET /resources/view/js/smooth-scroll.js [36m304 [0m0.814 ms - -[0m
[0mGET /resources/view/js/animate-in.js [36m304 [0m0.519 ms - -[0m
[0mGET /resources/view/assets/cities/paris_1.jpeg [36m304 [0m0.273 ms - -[0m
[0mGET /resources/view/assets/cities/cdmx_1.jpg [36m304 [0m0.191 ms - -[0m
[0mGET /resources/view/assets/cities/lacountry_1.jpg [36m304 [0m0.197 ms - -[0m
[0mGET /resources/view/assets/cities/abudhabi_1.jpg [36m304 [0m0.224 ms - -[0m
[0mGET /resources/view/assets/cities/brasilia_1.jpg [36m304 [0m0.543 ms - -[0m
[0mGET /resources/view/assets/cities/madrid_1.jpg [36m304 [0m0.509 ms - -[0m
[0mGET /resources/view/assets/logos/leaflet.png [36m304 [0m0.623 ms - -[0m
[0mGET /resources/view/assets/logos/nodejs.png [36m304 [0m1.033 ms - -[0m
[0mGET /resources/view/assets/logos/mongo.png [36m304 [0m0.997 ms - -[0m
[0mGET /resources/view/assets/logos/uami.png [36m304 [0m0.567 ms - -[0m
[0mGET / [32m200 [0m4.118 ms - 8124[0m
[0mGET / [32m200 [0m3.706 ms - 8124[0m
[0mGET /resources/view/style/elegant.css [32m200 [0m0.962 ms - 160301[0m
[0mGET /resources/view/js/navbar-ontop.js [36m304 [0m0.625 ms - -[0m
[0mGET /resources/view/js/animate-in.js [36m304 [0m0.590 ms - -[0m
[0mGET /resources/view/js/smooth-scroll.js [36m304 [0m0.578 ms - -[0m
[0mGET /resources/view/assets/cities/cdmx_1.jpg [32m200 [0m2.206 ms - 143678[0m
[0mGET /resources/view/assets/cities/abudhabi_1.jpg [32m200 [0m2.037 ms - 145564[0m
[0mGET /resources/view/assets/logos/nodejs.png [32m200 [0m2.611 ms - 46753[0m
[0mGET /resources/view/assets/logos/mongo.png [32m200 [0m2.026 ms - 24137[0m
[0mGET /resources/view/assets/cities/paris_1.jpeg [32m200 [0m1.850 ms - 174423[0m
[0mGET /resources/view/assets/cities/lacountry_1.jpg [36m304 [0m0.198 ms - -[0m
[0mGET /resources/view/assets/cities/brasilia_1.jpg [32m200 [0m2.754 ms - 165496[0m
[0mGET /resources/view/assets/cities/madrid_1.jpg [36m304 [0m0.218 ms - -[0m
[0mGET /resources/view/assets/logos/leaflet.png [32m200 [0m0.913 ms - 38262[0m
[0mGET /resources/view/assets/logos/uami.png [32m200 [0m0.781 ms - 12555[0m
[0mGET /busqueda/cdmx [32m200 [0m5.017 ms - 6053[0m
[0mGET /resources/view/style/elegant.css [36m304 [0m1.038 ms - -[0m
[0mGET /resources/view/js/navbar-ontop.js [36m304 [0m1.017 ms - -[0m
[0mGET /resources/view/js/animate-in.js [36m304 [0m0.569 ms - -[0m
[0mGET /resources/view/js/smooth-scroll.js [36m304 [0m0.530 ms - -[0m
[0mGET /resources/view/assets/types/gra.PNG [32m200 [0m0.961 ms - 28147[0m
[0mGET /resources/view/assets/types/mps.png [36m304 [0m0.556 ms - -[0m
[0mGET / [32m200 [0m3.042 ms - 8124[0m
[0mGET /resources/view/js/navbar-ontop.js [36m304 [0m0.271 ms - -[0m
[0mGET /resources/view/js/animate-in.js [36m304 [0m0.260 ms - -[0m
[0mGET /resources/view/js/smooth-scroll.js [36m304 [0m0.155 ms - -[0m
[0mGET /resources/view/style/elegant.css [32m200 [0m0.576 ms - 160301[0m
[0mGET /resources/view/assets/cities/cdmx_1.jpg [32m200 [0m0.868 ms - 143678[0m
[0mGET /resources/view/assets/cities/paris_1.jpeg [32m200 [0m1.312 ms - 174423[0m
[0mGET /resources/view/assets/cities/brasilia_1.jpg [32m200 [0m1.461 ms - 165496[0m
[0mGET /resources/view/assets/cities/abudhabi_1.jpg [32m200 [0m0.268 ms - 145564[0m
[0mGET /resources/view/assets/cities/lacountry_1.jpg [36m304 [0m0.564 ms - -[0m
[0mGET /resources/view/assets/logos/nodejs.png [32m200 [0m0.804 ms - 46753[0m
[0mGET /resources/view/assets/cities/madrid_1.jpg [36m304 [0m0.611 ms - -[0m
[0mGET /resources/view/assets/logos/mongo.png [36m304 [0m0.577 ms - -[0m
[0mGET /resources/view/assets/logos/leaflet.png [36m304 [0m0.686 ms - -[0m
[0mGET /resources/view/assets/logos/uami.png [36m304 [0m0.530 ms - -[0m
[0mGET /busqueda/cdmx [36m304 [0m3.972 ms - -[0m
[0mGET /resources/view/style/elegant.css [36m304 [0m0.577 ms - -[0m
[0mGET /resources/view/js/animate-in.js [36m304 [0m1.062 ms - -[0m
[0mGET /resources/view/js/navbar-ontop.js [36m304 [0m0.984 ms - -[0m
[0mGET /resources/view/js/smooth-scroll.js [36m304 [0m0.103 ms - -[0m
[0mGET /resources/view/assets/types/mps.png [36m304 [0m1.045 ms - -[0m
[0mGET /resources/view/assets/types/gra.PNG [36m304 [0m1.004 ms - -[0m
[0mGET /searchRepVel/cdmx [32m200 [0m5.496 ms - 19076[0m
[0mGET /resources/view/style/elegant.css [32m200 [0m0.921 ms - 160301[0m
[0mGET /resources/view/js/animate-in.js [36m304 [0m1.023 ms - -[0m
[0mGET /resources/view/js/navbar-ontop.js [36m304 [0m0.980 ms - -[0m
[0mGET /resources/view/js/smooth-scroll.js [36m304 [0m0.581 ms - -[0m
[0mGET /views/bundle/plot_bundle_cdmx.js [32m200 [0m0.851 ms - 188166[0m
[0mGET /busqueda/cdmx [36m304 [0m3.196 ms - -[0m
[0mGET /resources/view/style/elegant.css [36m304 [0m0.565 ms - -[0m
[0mGET /resources/view/js/navbar-ontop.js [36m304 [0m1.440 ms - -[0m
[0mGET /resources/view/js/animate-in.js [36m304 [0m1.334 ms - -[0m
[0mGET /resources/view/js/smooth-scroll.js [36m304 [0m0.509 ms - -[0m
[0mGET /resources/view/assets/types/mps.png [36m304 [0m0.565 ms - -[0m
[0mGET /resources/view/assets/types/gra.PNG [36m304 [0m0.513 ms - -[0m
[0mGET /searchRepVel/cdmx [32m200 [0m5.899 ms - 19076[0m
[0mGET /resources/view/js/animate-in.js [36m304 [0m0.630 ms - -[0m
[0mGET /resources/view/js/navbar-ontop.js [36m304 [0m0.713 ms - -[0m
[0mGET /resources/view/js/smooth-scroll.js [36m304 [0m0.574 ms - -[0m
[0mGET /resources/view/style/elegant.css [32m200 [0m1.703 ms - 160301[0m
[0mGET /views/bundle/plot_bundle_cdmx.js [32m200 [0m0.872 ms - 188166[0m
[0mGET /searchRepVel/cdmx [36m304 [0m1.369 ms - -[0m
[0mGET /resources/view/style/elegant.css [36m304 [0m0.188 ms - -[0m
[0mGET /resources/view/js/navbar-ontop.js [36m304 [0m0.231 ms - -[0m
[0mGET /resources/view/js/animate-in.js [36m304 [0m0.186 ms - -[0m
[0mGET /views/bundle/plot_bundle_cdmx.js [36m304 [0m0.162 ms - -[0m
[0mGET /resources/view/js/smooth-scroll.js [36m304 [0m0.498 ms - -[0m
[0mGET / [32m200 [0m0.706 ms - 8124[0m
[0mGET /resources/view/js/navbar-ontop.js [36m304 [0m0.212 ms - -[0m
[0mGET /resources/view/js/animate-in.js [36m304 [0m0.332 ms - -[0m
[0mGET /resources/view/js/smooth-scroll.js [36m304 [0m0.392 ms - -[0m
[0mGET /resources/view/style/elegant.css [32m200 [0m0.436 ms - 160301[0m
[0mGET /resources/view/assets/cities/brasilia_1.jpg [32m200 [0m0.881 ms - 165496[0m
[0mGET /resources/view/assets/cities/cdmx_1.jpg [32m200 [0m0.778 ms - 143678[0m
[0mGET /resources/view/assets/cities/lacountry_1.jpg [36m304 [0m0.119 ms - -[0m
[0mGET /resources/view/assets/logos/nodejs.png [32m200 [0m0.576 ms - 46753[0m
[0mGET /resources/view/assets/cities/abudhabi_1.jpg [32m200 [0m0.426 ms - 145564[0m
[0mGET /resources/view/assets/cities/madrid_1.jpg [36m304 [0m0.167 ms - -[0m
[0mGET /resources/view/assets/cities/paris_1.jpeg [32m200 [0m0.967 ms - 174423[0m
[0mGET /resources/view/assets/logos/mongo.png [32m200 [0m0.320 ms - 24137[0m
[0mGET /resources/view/assets/logos/leaflet.png [32m200 [0m0.306 ms - 38262[0m
[0mGET /resources/view/assets/logos/uami.png [32m200 [0m0.459 ms - 12555[0m
[0mGET /busqueda/brasilia [32m200 [0m0.689 ms - 6065[0m
[0mGET /resources/view/js/animate-in.js [36m304 [0m0.151 ms - -[0m
[0mGET /resources/view/js/navbar-ontop.js [36m304 [0m0.142 ms - -[0m
[0mGET /resources/view/style/elegant.css [36m304 [0m0.106 ms - -[0m
[0mGET /resources/view/js/smooth-scroll.js [36m304 [0m0.084 ms - -[0m
[0mGET /resources/view/assets/types/mps.png [36m304 [0m0.211 ms - -[0m
[0mGET /resources/view/assets/types/gra.PNG [32m200 [0m0.162 ms - 28147[0m
[0mGET /searchRepVel/brasilia [32m200 [0m5.474 ms - 18096[0m
[0mGET /resources/view/js/navbar-ontop.js [36m304 [0m0.208 ms - -[0m
[0mGET /resources/view/style/elegant.css [36m304 [0m0.122 ms - -[0m
[0mGET /resources/view/js/animate-in.js [36m304 [0m0.090 ms - -[0m
[0mGET /views/bundle/plot_bundle_all.js [32m200 [0m0.308 ms - 180829[0m
[0mGET /resources/view/js/smooth-scroll.js [36m304 [0m0.161 ms - -[0m
[0mGET / [32m200 [0m4.633 ms - 8124[0m
[0mGET /resources/view/style/elegant.css [36m304 [0m1.209 ms - -[0m
[0mGET /resources/view/js/navbar-ontop.js [36m304 [0m0.817 ms - -[0m
[0mGET /resources/view/js/smooth-scroll.js [36m304 [0m1.125 ms - -[0m
[0mGET /resources/view/js/animate-in.js [36m304 [0m1.033 ms - -[0m
[0mGET /resources/view/assets/cities/abudhabi_1.jpg [32m200 [0m3.122 ms - 145564[0m
[0mGET /resources/view/assets/cities/lacountry_1.jpg [36m304 [0m0.765 ms - -[0m
[0mGET /resources/view/assets/logos/nodejs.png [32m200 [0m1.925 ms - 46753[0m
[0mGET /resources/view/assets/cities/cdmx_1.jpg [32m200 [0m4.167 ms - 143678[0m
[0mGET /resources/view/assets/cities/madrid_1.jpg [36m304 [0m0.566 ms - -[0m
[0mGET /resources/view/assets/cities/brasilia_1.jpg [32m200 [0m3.956 ms - 165496[0m
[0mGET /resources/view/assets/cities/paris_1.jpeg [32m200 [0m3.373 ms - 174423[0m
[0mGET /resources/view/assets/logos/mongo.png [32m200 [0m0.874 ms - 24137[0m
[0mGET /resources/view/assets/logos/leaflet.png [32m200 [0m0.932 ms - 38262[0m
[0mGET /resources/view/assets/logos/uami.png [32m200 [0m0.873 ms - 12555[0m
[0mGET /busqueda/cdmx [32m200 [0m4.125 ms - 6053[0m
[0mGET /resources/view/js/navbar-ontop.js [36m304 [0m2.618 ms - -[0m
[0mGET /resources/view/style/elegant.css [36m304 [0m1.195 ms - -[0m
[0mGET /resources/view/js/smooth-scroll.js [36m304 [0m1.111 ms - -[0m
[0mGET /resources/view/js/animate-in.js [36m304 [0m0.517 ms - -[0m
[0mGET /resources/view/assets/types/mps.png [36m304 [0m0.621 ms - -[0m
[0mGET /resources/view/assets/types/gra.PNG [32m200 [0m0.817 ms - 28147[0m
[0mGET /searchRepVel/cdmx [32m200 [0m6.257 ms - 19076[0m
[0mGET /resources/view/js/animate-in.js [36m304 [0m3.793 ms - -[0m
[0mGET /resources/view/js/navbar-ontop.js [36m304 [0m1.764 ms - -[0m
[0mGET /resources/view/js/smooth-scroll.js [36m304 [0m1.525 ms - -[0m
[0mGET /resources/view/style/elegant.css [32m200 [0m0.211 ms - 160301[0m
[0mGET /views/bundle/plot_bundle_cdmx.js [32m200 [0m0.892 ms - 188166[0m
[0mGET /busqueda/cdmx [36m304 [0m36.721 ms - -[0m
[0mGET /resources/view/style/elegant.css [36m304 [0m1.174 ms - -[0m
[0mGET /resources/view/js/navbar-ontop.js [36m304 [0m0.856 ms - -[0m
[0mGET /resources/view/js/smooth-scroll.js [36m304 [0m0.626 ms - -[0m
[0mGET /resources/view/js/animate-in.js [36m304 [0m0.564 ms - -[0m
[0mGET /resources/view/assets/types/mps.png [36m304 [0m0.636 ms - -[0m
[0mGET /resources/view/assets/types/gra.PNG [36m304 [0m0.534 ms - -[0m
[0mGET /searchMaps/cdmx [32m200 [0m30.208 ms - 6994[0m
[0mGET /resources/view/style/table.css [32m200 [0m14.901 ms - 134[0m
[0mGET /resources/view/js/navbar-ontop.js [36m304 [0m0.606 ms - -[0m
[0mGET /resources/view/js/animate-in.js [36m304 [0m1.153 ms - -[0m
[0mGET /resources/view/js/smooth-scroll.js [36m304 [0m1.076 ms - -[0m
[0mGET /resources/view/style/elegant.css [32m200 [0m1.017 ms - 160301[0m
[0mGET /searchDate/cdmx?date=2019-05-01 [32m200 [0m518.196 ms - 25608[0m
[0mGET /resources/view/style/table.css [36m304 [0m0.634 ms - -[0m
[0mGET /resources/view/js/animate-in.js [36m304 [0m0.381 ms - -[0m
[0mGET /resources/view/style/elegant.css [36m304 [0m0.263 ms - -[0m
[0mGET /resources/view/js/navbar-ontop.js [36m304 [0m0.294 ms - -[0m
[0mGET /resources/view/js/smooth-scroll.js [36m304 [0m0.116 ms - -[0m
[0mGET /masked/cdmx&5d55067a1a6a696f0886e604 [32m200 [0m726.400 ms - 1172594[0m
[0mGET /resources/view/js/navbar-ontop.js [36m304 [0m1.960 ms - -[0m
[0mGET /resources/view/js/animate-in.js [36m304 [0m0.329 ms - -[0m
[0mGET /resources/maskedMap/leaflet.js [36m304 [0m4.008 ms - -[0m
[0mGET /resources/view/style/screen.css [32m200 [0m29.341 ms - 487[0m
[0mGET /resources/view/style/mapStyle.js [32m200 [0m35.650 ms - 401[0m
[0mGET /resources/maskedMap/QuadTree.js [36m304 [0m1.079 ms - -[0m
[0mGET /resources/maskedMap/L.TileLayer.MaskCanvas.js [36m304 [0m0.629 ms - -[0m
[0mGET /resources/states.js [36m304 [0m0.553 ms - -[0m
[0mGET /resources/view/style/elegant.css [32m200 [0m1.539 ms - 160301[0m
[0mGET /resources/view/js/smooth-scroll.js [36m304 [0m0.605 ms - -[0m
[0mGET /searchMaps/cdmx [32m200 [0m3.799 ms - 6994[0m
[0mGET /resources/view/style/elegant.css [36m304 [0m0.613 ms - -[0m
[0mGET /resources/view/js/animate-in.js [36m304 [0m0.859 ms - -[0m
[0mGET /resources/view/js/navbar-ontop.js [36m304 [0m3.138 ms - -[0m
[0mGET /resources/view/js/smooth-scroll.js [36m304 [0m0.127 ms - -[0m
[0mGET /resources/view/style/table.css [32m200 [0m0.175 ms - 134[0m
[0mGET /busqueda/cdmx [36m304 [0m4.462 ms - -[0m
[0mGET /resources/view/style/elegant.css [36m304 [0m0.637 ms - -[0m
[0mGET /resources/view/js/navbar-ontop.js [36m304 [0m0.143 ms - -[0m
[0mGET /resources/view/js/animate-in.js [36m304 [0m0.187 ms - -[0m
[0mGET /resources/view/js/smooth-scroll.js [36m304 [0m0.110 ms - -[0m
[0mGET /resources/view/assets/types/mps.png [36m304 [0m1.176 ms - -[0m
[0mGET /resources/view/assets/types/gra.PNG [36m304 [0m1.059 ms - -[0m
[0mGET /searchMaps/cdmx [32m200 [0m5.042 ms - 6994[0m
[0mGET /resources/view/js/navbar-ontop.js [36m304 [0m0.615 ms - -[0m
[0mGET /resources/view/js/animate-in.js [36m304 [0m0.568 ms - -[0m
[0mGET /resources/view/js/smooth-scroll.js [36m304 [0m0.764 ms - -[0m
[0mGET /resources/view/style/table.css [32m200 [0m1.917 ms - 134[0m
[0mGET /resources/view/style/elegant.css [32m200 [0m0.836 ms - 160301[0m
[0mGET /searchDate/cdmx?date=2019-05-01 [32m200 [0m57.808 ms - 25608[0m
[0mGET /resources/view/style/table.css [36m304 [0m0.668 ms - -[0m
[0mGET /resources/view/style/elegant.css [36m304 [0m1.195 ms - -[0m
[0mGET /resources/view/js/navbar-ontop.js [36m304 [0m1.071 ms - -[0m
[0mGET /resources/view/js/animate-in.js [36m304 [0m0.988 ms - -[0m
[0mGET /resources/view/js/smooth-scroll.js [36m304 [0m0.567 ms - -[0m
[0mGET /busqueda/cdmx [36m304 [0m3.179 ms - -[0m
[0mGET /resources/view/style/elegant.css [36m304 [0m0.616 ms - -[0m
[0mGET /resources/view/js/animate-in.js [36m304 [0m2.851 ms - -[0m
[0mGET /resources/view/js/navbar-ontop.js [36m304 [0m1.099 ms - -[0m
[0mGET /resources/view/js/smooth-scroll.js [36m304 [0m0.248 ms - -[0m
[0mGET /resources/view/assets/types/gra.PNG [36m304 [0m2.236 ms - -[0m
[0mGET /resources/view/assets/types/mps.png [36m304 [0m2.378 ms - -[0m
[0mGET /searchMaps/cdmx [32m200 [0m1.277 ms - 6994[0m
[0mGET /resources/view/js/navbar-ontop.js [36m304 [0m0.327 ms - -[0m
[0mGET /resources/view/js/smooth-scroll.js [36m304 [0m0.303 ms - -[0m
[0mGET /resources/view/style/table.css [32m200 [0m0.391 ms - 134[0m
[0mGET /resources/view/js/animate-in.js [36m304 [0m0.246 ms - -[0m
[0mGET /resources/view/style/elegant.css [32m200 [0m2.220 ms - 160301[0m
[0mGET /searchMaps/cdmx [32m200 [0m3.908 ms - 6998[0m
[0mGET /resources/view/style/table.css [36m304 [0m0.628 ms - -[0m
[0mGET /resources/view/style/elegant.css [36m304 [0m0.566 ms - -[0m
[0mGET /resources/view/js/navbar-ontop.js [36m304 [0m0.586 ms - -[0m
[0mGET /resources/view/js/smooth-scroll.js [36m304 [0m1.274 ms - -[0m
[0mGET /resources/view/js/animate-in.js [36m304 [0m1.217 ms - -[0m
[0mGET /searchMaps/cdmx [32m200 [0m3.760 ms - 6989[0m
[0mGET /resources/view/js/navbar-ontop.js [36m304 [0m0.490 ms - -[0m
[0mGET /resources/view/js/animate-in.js [36m304 [0m0.568 ms - -[0m
[0mGET /resources/view/js/smooth-scroll.js [36m304 [0m1.499 ms - -[0m
[0mGET /resources/view/style/table.css [32m200 [0m2.228 ms - 134[0m
[0mGET /resources/view/style/elegant.css [32m200 [0m2.955 ms - 160301[0m
[0mGET /searchMaps/cdmx [32m200 [0m3.747 ms - 7001[0m
[0mGET /resources/view/style/table.css [36m304 [0m0.651 ms - -[0m
[0mGET /resources/view/js/navbar-ontop.js [36m304 [0m1.069 ms - -[0m
[0mGET /resources/view/js/animate-in.js [36m304 [0m1.090 ms - -[0m
[0mGET /resources/view/js/smooth-scroll.js [36m304 [0m1.028 ms - -[0m
[0mGET /resources/view/style/elegant.css [32m200 [0m1.328 ms - 160301[0m
[0mGET /searchMaps/cdmx [32m200 [0m3.863 ms - 6998[0m
[0mGET /resources/view/style/elegant.css [36m304 [0m0.583 ms - -[0m
[0mGET /resources/view/js/animate-in.js [36m304 [0m1.004 ms - -[0m
[0mGET /resources/view/style/table.css [32m200 [0m1.062 ms - 134[0m
[0mGET /resources/view/js/smooth-scroll.js [36m304 [0m2.496 ms - -[0m
[0mGET /resources/view/js/navbar-ontop.js [36m304 [0m0.672 ms - -[0m
[0mGET /searchMaps/cdmx [32m200 [0m0.847 ms - 6998[0m
[0mGET /resources/view/style/table.css [36m304 [0m0.563 ms - -[0m
[0mGET /resources/view/js/navbar-ontop.js [36m304 [0m1.078 ms - -[0m
[0mGET /resources/view/js/animate-in.js [36m304 [0m1.050 ms - -[0m
[0mGET /resources/view/js/smooth-scroll.js [36m304 [0m0.842 ms - -[0m
[0mGET /resources/view/style/elegant.css [32m200 [0m0.861 ms - 160301[0m
[0mGET /searchMaps/cdmx [32m200 [0m4.774 ms - 6998[0m
[0mGET /resources/view/js/navbar-ontop.js [36m304 [0m0.642 ms - -[0m
[0mGET /resources/view/js/animate-in.js [36m304 [0m0.577 ms - -[0m
[0mGET /resources/view/js/smooth-scroll.js [36m304 [0m1.117 ms - -[0m
[0mGET /resources/view/style/table.css [32m200 [0m1.538 ms - 134[0m
[0mGET /resources/view/style/elegant.css [32m200 [0m2.838 ms - 160301[0m
[0mGET / [32m200 [0m25.947 ms - 8124[0m
[0mGET /resources/view/style/elegant.css [36m304 [0m0.656 ms - -[0m
[0mGET /resources/view/js/navbar-ontop.js [36m304 [0m1.020 ms - -[0m
[0mGET /resources/view/js/animate-in.js [36m304 [0m1.047 ms - -[0m
[0mGET /resources/view/js/smooth-scroll.js [36m304 [0m0.516 ms - -[0m
[0mGET /resources/view/assets/cities/abudhabi_1.jpg [32m200 [0m16.753 ms - 145564[0m
[0mGET /resources/view/assets/cities/cdmx_1.jpg [32m200 [0m41.565 ms - 143678[0m
[0mGET /resources/view/assets/cities/lacountry_1.jpg [36m304 [0m0.590 ms - -[0m
[0mGET /resources/view/assets/logos/nodejs.png [32m200 [0m119.128 ms - 46753[0m
[0mGET /resources/view/assets/cities/madrid_1.jpg [36m304 [0m0.589 ms - -[0m
[0mGET /resources/view/assets/cities/brasilia_1.jpg [32m200 [0m26.753 ms - 165496[0m
[0mGET /resources/view/assets/logos/mongo.png [32m200 [0m8.785 ms - 24137[0m
[0mGET /resources/view/assets/logos/leaflet.png [32m200 [0m4.917 ms - 38262[0m
[0mGET /resources/view/assets/logos/uami.png [32m200 [0m0.997 ms - 12555[0m
[0mGET /resources/view/assets/cities/paris_1.jpeg [32m200 [0m58.198 ms - 174423[0m
[0mGET /busqueda/cdmx [32m200 [0m3.100 ms - 6053[0m
[0mGET /resources/view/js/navbar-ontop.js [36m304 [0m1.675 ms - -[0m
[0mGET /resources/view/js/animate-in.js [36m304 [0m1.601 ms - -[0m
[0mGET /resources/view/js/smooth-scroll.js [36m304 [0m1.520 ms - -[0m
[0mGET /resources/view/style/elegant.css [32m200 [0m0.791 ms - 160301[0m
[0mGET /resources/view/assets/types/mps.png [36m304 [0m0.667 ms - -[0m
[0mGET /resources/view/assets/types/gra.PNG [32m200 [0m34.850 ms - 28147[0m
[0mGET /searchRepVel/cdmx [32m200 [0m5.849 ms - 19077[0m
[0mGET /resources/view/js/animate-in.js [36m304 [0m1.121 ms - -[0m
[0mGET /resources/view/js/navbar-ontop.js [36m304 [0m1.623 ms - -[0m
[0mGET /resources/view/style/elegant.css [36m304 [0m1.014 ms - -[0m
[0mGET /resources/view/js/smooth-scroll.js [36m304 [0m0.542 ms - -[0m
[0mGET /views/bundle/plot_bundle_cdmx.js [32m200 [0m1.278 ms - 188166[0m
[0mGET /busqueda/cdmx [32m200 [0m3.131 ms - 6053[0m
[0mGET /resources/view/style/elegant.css [32m200 [0m0.857 ms - 160301[0m
[0mGET / [32m200 [0m2.913 ms - 8124[0m
[0mGET /resources/view/assets/cities/paris_1.jpeg [32m200 [0m0.283 ms - 174423[0m
[0mGET /busqueda/lacountry [32m200 [0m1.545 ms - 6068[0m
[0mGET /resources/view/js/navbar-ontop.js [36m304 [0m0.666 ms - -[0m
[0mGET /resources/view/style/elegant.css [36m304 [0m0.679 ms - -[0m
[0mGET /resources/view/js/animate-in.js [36m304 [0m0.824 ms - -[0m
[0mGET /resources/view/js/smooth-scroll.js [36m304 [0m0.581 ms - -[0m
[0mGET /resources/view/assets/types/mps.png [36m304 [0m0.771 ms - -[0m
[0mGET /resources/view/assets/types/gra.PNG [32m200 [0m2.029 ms - 28147[0m
[0mGET /searchRepVel/lacountry [32m200 [0m7.940 ms - 18099[0m
[0mGET /resources/view/js/animate-in.js [36m304 [0m1.116 ms - -[0m
[0mGET /resources/view/js/navbar-ontop.js [36m304 [0m1.630 ms - -[0m
[0mGET /resources/view/style/elegant.css [36m304 [0m1.000 ms - -[0m
[0mGET /resources/view/js/smooth-scroll.js [36m304 [0m0.611 ms - -[0m
[0mGET /views/bundle/plot_bundle_all.js [32m200 [0m22.092 ms - 180829[0m
[0mGET /busqueda/lacountry [32m200 [0m3.133 ms - 6068[0m
[0mGET /resources/view/style/elegant.css [0m- [0m- ms - -[0m
[0mGET /searchMaps/lacountry [32m200 [0m2.857 ms - 7013[0m
[0mGET /resources/view/js/navbar-ontop.js [36m304 [0m1.212 ms - -[0m
[0mGET /resources/view/js/smooth-scroll.js [36m304 [0m2.909 ms - -[0m
[0mGET /resources/view/style/elegant.css [36m304 [0m2.254 ms - -[0m
[0mGET /resources/view/js/animate-in.js [36m304 [0m1.657 ms - -[0m
[0mGET /resources/view/style/table.css [32m200 [0m0.921 ms - 134[0m
[0mGET / [36m304 [0m3.160 ms - -[0m
[0mGET /resources/view/js/navbar-ontop.js [36m304 [0m0.637 ms - -[0m
[0mGET /resources/view/style/elegant.css [36m304 [0m0.511 ms - -[0m
[0mGET /resources/view/js/animate-in.js [36m304 [0m0.549 ms - -[0m
[0mGET /resources/view/js/smooth-scroll.js [36m304 [0m0.518 ms - -[0m
[0mGET /resources/view/assets/cities/lacountry_1.jpg [36m304 [0m0.635 ms - -[0m
[0mGET /resources/view/assets/cities/cdmx_1.jpg [36m304 [0m0.531 ms - -[0m
[0mGET /resources/view/assets/cities/abudhabi_1.jpg [36m304 [0m0.566 ms - -[0m
[0mGET /resources/view/assets/cities/brasilia_1.jpg [36m304 [0m1.050 ms - -[0m
[0mGET /resources/view/assets/logos/nodejs.png [32m200 [0m1.378 ms - 46753[0m
[0mGET /resources/view/assets/logos/leaflet.png [32m200 [0m1.483 ms - 38262[0m
[0mGET /resources/view/assets/logos/mongo.png [32m200 [0m1.719 ms - 24137[0m
[0mGET /resources/view/assets/logos/uami.png [32m200 [0m1.335 ms - 12555[0m
[0mGET /resources/view/assets/cities/madrid_1.jpg [36m304 [0m1.150 ms - -[0m
[0mGET /resources/view/assets/cities/paris_1.jpeg [32m200 [0m1.276 ms - 174423[0m
[0mGET /busqueda/cdmx [32m200 [0m3.101 ms - 6053[0m
[0mGET /resources/view/js/animate-in.js [36m304 [0m1.042 ms - -[0m
[0mGET /resources/view/js/navbar-ontop.js [36m304 [0m1.626 ms - -[0m
[0mGET /resources/view/style/elegant.css [36m304 [0m1.556 ms - -[0m
[0mGET /resources/view/js/smooth-scroll.js [36m304 [0m0.970 ms - -[0m
[0mGET /resources/view/assets/types/gra.PNG [32m200 [0m0.402 ms - 28147[0m
[0mGET /resources/view/assets/types/mps.png [36m304 [0m0.131 ms - -[0m
[0mGET /searchMaps/cdmx [32m200 [0m2.879 ms - 6998[0m
[0mGET /resources/view/style/elegant.css [36m304 [0m0.631 ms - -[0m
[0mGET /resources/view/style/table.css [36m304 [0m0.509 ms - -[0m
[0mGET /resources/view/js/navbar-ontop.js [36m304 [0m2.717 ms - -[0m
[0mGET /resources/view/js/smooth-scroll.js [36m304 [0m1.542 ms - -[0m
[0mGET /resources/view/js/animate-in.js [36m304 [0m1.570 ms - -[0m
[0mGET /searchMaps/cdmx [32m200 [0m3.767 ms - 7007[0m
[0mGET /resources/view/style/table.css [32m200 [0m0.933 ms - 134[0m
[0mGET /resources/view/js/animate-in.js [36m304 [0m1.748 ms - -[0m
[0mGET /resources/view/js/navbar-ontop.js [36m304 [0m1.731 ms - -[0m
[0mGET /resources/view/js/smooth-scroll.js [36m304 [0m1.673 ms - -[0m
[0mGET /resources/view/style/elegant.css [32m200 [0m0.859 ms - 160301[0m
[0mGET /searchDate/cdmx?date=2019-05-01 [32m200 [0m56.156 ms - 25621[0m
[0mGET /resources/view/style/table.css [36m304 [0m0.584 ms - -[0m
[0mGET /resources/view/style/elegant.css [36m304 [0m0.583 ms - -[0m
[0mGET /resources/view/js/navbar-ontop.js [36m304 [0m7.195 ms - -[0m
[0mGET /resources/view/js/animate-in.js [36m304 [0m7.293 ms - -[0m
[0mGET /resources/view/js/smooth-scroll.js [36m304 [0m2.360 ms - -[0m
[0mGET /busqueda/cdmx [32m200 [0m3.038 ms - 6053[0m
[0mGET /resources/view/style/elegant.css [36m304 [0m0.541 ms - -[0m
[0mGET /resources/view/js/navbar-ontop.js [36m304 [0m0.512 ms - -[0m
[0mGET /resources/view/js/animate-in.js [36m304 [0m0.494 ms - -[0m
[0mGET /resources/view/js/smooth-scroll.js [36m304 [0m0.530 ms - -[0m
[0mGET /resources/view/assets/types/mps.png [36m304 [0m0.546 ms - -[0m
[0mGET /resources/view/assets/types/gra.PNG [32m200 [0m0.763 ms - 28147[0m
[0mGET /searchMaps/cdmx [32m200 [0m2.756 ms - 7007[0m
[0mGET /resources/view/js/animate-in.js [36m304 [0m1.900 ms - -[0m
[0mGET /resources/view/js/navbar-ontop.js [36m304 [0m1.914 ms - -[0m
[0mGET /resources/view/style/elegant.css [36m304 [0m1.933 ms - -[0m
[0mGET /resources/view/style/table.css [36m304 [0m2.022 ms - -[0m
[0mGET /resources/view/js/smooth-scroll.js [36m304 [0m1.583 ms - -[0m
[0mGET /searchDate/cdmx?date=2019-05-01 [36m304 [0m26.297 ms - -[0m
[0mGET /resources/view/style/table.css [36m304 [0m0.567 ms - -[0m
[0mGET /resources/view/js/navbar-ontop.js [36m304 [0m0.556 ms - -[0m
[0mGET /resources/view/style/elegant.css [36m304 [0m0.514 ms - -[0m
[0mGET /resources/view/js/animate-in.js [36m304 [0m0.950 ms - -[0m
[0mGET /resources/view/js/smooth-scroll.js [36m304 [0m0.527 ms - -[0m
[0mGET /clustered/cdmx&5d5506871a6a696f0886e81b [32m200 [0m171.217 ms - 1827105[0m
[0mGET /resources/view/style/screen.css [36m304 [0m1.217 ms - -[0m
[0mGET /resources/clusteredMap/MarkerCluster.css [36m304 [0m1.616 ms - -[0m
[0mGET /resources/view/style/mapStyle.js [36m304 [0m1.214 ms - -[0m
[0mGET /resources/clusteredMap/MarkerCluster.Default.css [36m304 [0m1.462 ms - -[0m
[0mGET /resources/states.js [36m304 [0m0.490 ms - -[0m
[0mGET /resources/clusteredMap/leaflet.markercluster-src.js [36m304 [0m0.533 ms - -[0m
[0mGET /resources/view/style/elegant.css [36m304 [0m0.539 ms - -[0m
[0mGET /resources/view/js/navbar-ontop.js [36m304 [0m0.847 ms - -[0m
[0mGET /resources/view/js/animate-in.js [36m304 [0m0.912 ms - -[0m
[0mGET /masked/cdmx&5d5506871a6a696f0886e81b [32m200 [0m179.657 ms - 1826626[0m
[0mGET /resources/view/style/mapStyle.js [36m304 [0m3.526 ms - -[0m
[0mGET /resources/view/style/screen.css [36m304 [0m3.219 ms - -[0m
[0mGET /resources/states.js [36m304 [0m2.990 ms - -[0m
[0mGET /resources/view/style/elegant.css [36m304 [0m2.969 ms - -[0m
[0mGET /resources/view/js/navbar-ontop.js [36m304 [0m0.506 ms - -[0m
[0mGET /resources/view/js/animate-in.js [36m304 [0m0.555 ms - -[0m
[0mGET /resources/maskedMap/leaflet.js [36m304 [0m1.398 ms - -[0m
[0mGET /resources/maskedMap/L.TileLayer.MaskCanvas.js [36m304 [0m1.409 ms - -[0m
[0mGET /resources/maskedMap/QuadTree.js [36m304 [0m1.485 ms - -[0m
[0mGET /resources/view/js/smooth-scroll.js [36m304 [0m0.457 ms - -[0m
[0mGET /resources/view/js/smooth-scroll.js [36m304 [0m0.545 ms - -[0m
[0mGET / [32m200 [0m4.891 ms - 8124[0m
[0mGET /resources/view/js/navbar-ontop.js [36m304 [0m0.790 ms - -[0m
[0mGET /resources/view/js/animate-in.js [36m304 [0m0.509 ms - -[0m
[0mGET /resources/view/js/smooth-scroll.js [36m304 [0m0.565 ms - -[0m
[0mGET /resources/view/style/elegant.css [32m200 [0m1.386 ms - 160301[0m
[0mGET /resources/view/assets/cities/abudhabi_1.jpg [36m304 [0m0.569 ms - -[0m
[0mGET /resources/view/assets/cities/lacountry_1.jpg [36m304 [0m1.093 ms - -[0m
[0mGET /resources/view/assets/cities/cdmx_1.jpg [32m200 [0m2.332 ms - 143678[0m
[0mGET /resources/view/assets/cities/madrid_1.jpg [36m304 [0m1.057 ms - -[0m
[0mGET /resources/view/assets/cities/brasilia_1.jpg [36m304 [0m1.042 ms - -[0m
[0mGET /resources/view/assets/logos/mongo.png [36m304 [0m1.057 ms - -[0m
[0mGET /resources/view/assets/logos/nodejs.png [36m304 [0m1.026 ms - -[0m
[0mGET /resources/view/assets/logos/leaflet.png [36m304 [0m0.547 ms - -[0m
[0mGET /resources/view/assets/logos/uami.png [36m304 [0m0.593 ms - -[0m
[0mGET /resources/view/assets/cities/paris_1.jpeg [32m200 [0m2.462 ms - 174423[0m
[0mGET /busqueda/cdmx [32m200 [0m4.250 ms - 6053[0m
[0mGET /resources/view/js/animate-in.js [36m304 [0m0.595 ms - -[0m
[0mGET /resources/view/js/navbar-ontop.js [36m304 [0m0.544 ms - -[0m
[0mGET /resources/view/js/smooth-scroll.js [36m304 [0m0.562 ms - -[0m
[0mGET /resources/view/style/elegant.css [32m200 [0m0.816 ms - 160301[0m
[0mGET /resources/view/assets/types/gra.PNG [36m304 [0m0.554 ms - -[0m
[0mGET /resources/view/assets/types/mps.png [36m304 [0m0.528 ms - -[0m
[0mGET /searchMaps/cdmx [32m200 [0m3.758 ms - 7007[0m
[0mGET /resources/view/js/animate-in.js [36m304 [0m1.672 ms - -[0m
[0mGET /resources/view/style/elegant.css [36m304 [0m1.744 ms - -[0m
[0mGET /resources/view/js/navbar-ontop.js [36m304 [0m1.889 ms - -[0m
[0mGET /resources/view/style/table.css [32m200 [0m3.962 ms - 134[0m
[0mGET /resources/view/js/smooth-scroll.js [36m304 [0m0.555 ms - -[0m
[0mGET / [32m200 [0m3.969 ms - 8124[0m
[0mGET /resources/view/js/navbar-ontop.js [36m304 [0m0.579 ms - -[0m
[0mGET /resources/view/js/animate-in.js [36m304 [0m0.546 ms - -[0m
[0mGET /resources/view/js/smooth-scroll.js [36m304 [0m0.550 ms - -[0m
[0mGET /resources/view/style/elegant.css [32m200 [0m0.864 ms - 160301[0m
[0mGET /resources/view/assets/cities/lacountry_1.jpg [36m304 [0m1.464 ms - -[0m
[0mGET /resources/view/assets/cities/cdmx_1.jpg [36m304 [0m2.077 ms - -[0m
[0mGET /resources/view/assets/cities/abudhabi_1.jpg [36m304 [0m1.238 ms - -[0m
[0mGET /resources/view/assets/cities/madrid_1.jpg [36m304 [0m0.737 ms - -[0m
[0mGET /resources/view/assets/logos/mongo.png [36m304 [0m1.531 ms - -[0m
[0mGET /resources/view/assets/logos/nodejs.png [36m304 [0m1.539 ms - -[0m
[0mGET /resources/view/assets/cities/brasilia_1.jpg [36m304 [0m1.562 ms - -[0m
[0mGET /resources/view/assets/logos/leaflet.png [36m304 [0m0.498 ms - -[0m
[0mGET /resources/view/assets/cities/paris_1.jpeg [32m200 [0m2.044 ms - 174423[0m
[0mGET /resources/view/assets/logos/uami.png [36m304 [0m0.622 ms - -[0m
[0mGET /busqueda/cdmx [36m304 [0m4.117 ms - -[0m
[0mGET /resources/view/style/elegant.css [36m304 [0m0.621 ms - -[0m
[0mGET /resources/view/js/animate-in.js [36m304 [0m1.479 ms - -[0m
[0mGET /resources/view/js/navbar-ontop.js [36m304 [0m1.492 ms - -[0m
[0mGET /resources/view/js/smooth-scroll.js [36m304 [0m1.562 ms - -[0m
[0mGET /resources/view/assets/types/gra.PNG [36m304 [0m0.568 ms - -[0m
[0mGET /resources/view/assets/types/mps.png [36m304 [0m0.533 ms - -[0m
[0mGET /searchRepVel/cdmx [36m304 [0m6.333 ms - -[0m
[0mGET /resources/view/js/navbar-ontop.js [36m304 [0m0.640 ms - -[0m
[0mGET /resources/view/style/elegant.css [36m304 [0m1.038 ms - -[0m
[0mGET /resources/view/js/animate-in.js [36m304 [0m1.047 ms - -[0m
[0mGET /resources/view/js/smooth-scroll.js [36m304 [0m0.600 ms - -[0m
[0mGET /views/bundle/plot_bundle_cdmx.js [36m304 [0m0.555 ms - -[0m
[0mGET /busqueda/cdmx [36m304 [0m3.128 ms - -[0m
[0mGET /resources/view/style/elegant.css [36m304 [0m0.595 ms - -[0m
[0mGET /resources/view/js/navbar-ontop.js [36m304 [0m0.750 ms - -[0m
[0mGET /resources/view/js/smooth-scroll.js [36m304 [0m1.040 ms - -[0m
[0mGET /resources/view/js/animate-in.js [36m304 [0m1.027 ms - -[0m
[0mGET /resources/view/assets/types/gra.PNG [32m200 [0m0.857 ms - 28147[0m
[0mGET /resources/view/assets/types/mps.png [36m304 [0m0.531 ms - -[0m
[0mGET /searchMaps/cdmx [36m304 [0m3.750 ms - -[0m
[0mGET /resources/view/style/elegant.css [36m304 [0m0.559 ms - -[0m
[0mGET /resources/view/js/smooth-scroll.js [36m304 [0m0.562 ms - -[0m
[0mGET /resources/view/js/navbar-ontop.js [36m304 [0m1.057 ms - -[0m
[0mGET /resources/view/js/animate-in.js [36m304 [0m1.094 ms - -[0m
[0mGET /resources/view/style/table.css [36m304 [0m0.532 ms - -[0m
[0mGET /searchDate/cdmx?date=2019-05-01 [36m304 [0m24.249 ms - -[0m
[0mGET /resources/view/js/navbar-ontop.js [36m304 [0m0.587 ms - -[0m
[0mGET /resources/view/js/animate-in.js [36m304 [0m0.576 ms - -[0m
[0mGET /resources/view/js/smooth-scroll.js [36m304 [0m1.051 ms - -[0m
[0mGET /resources/view/style/table.css [32m200 [0m2.672 ms - 134[0m
[0mGET /resources/view/style/elegant.css [32m200 [0m2.759 ms - 160301[0m
[0mGET /masked/cdmx&5d5506861a6a696f0886e7fd [32m200 [0m164.358 ms - 1691380[0m
[0mGET /resources/view/style/elegant.css [36m304 [0m1.215 ms - -[0m
[0mGET /resources/view/style/screen.css [36m304 [0m0.868 ms - -[0m
[0mGET /resources/maskedMap/L.TileLayer.MaskCanvas.js [36m304 [0m1.498 ms - -[0m
[0mGET /resources/maskedMap/leaflet.js [36m304 [0m1.642 ms - -[0m
[0mGET /resources/maskedMap/QuadTree.js [36m304 [0m0.485 ms - -[0m
[0mGET /resources/view/style/mapStyle.js [36m304 [0m0.501 ms - -[0m
[0mGET /resources/states.js [36m304 [0m0.936 ms - -[0m
[0mGET /resources/view/js/animate-in.js [36m304 [0m0.978 ms - -[0m
[0mGET /resources/view/js/navbar-ontop.js [36m304 [0m0.991 ms - -[0m
[0mGET /resources/view/js/smooth-scroll.js [36m304 [0m0.522 ms - -[0m
[0mGET /clustered/cdmx&5d5506861a6a696f0886e7fd [32m200 [0m125.846 ms - 1691859[0m
[0mGET /resources/view/style/screen.css [36m304 [0m2.194 ms - -[0m
[0mGET /resources/view/style/mapStyle.js [36m304 [0m2.179 ms - -[0m
[0mGET /resources/states.js [36m304 [0m1.488 ms - -[0m
[0mGET /resources/view/style/elegant.css [36m304 [0m1.649 ms - -[0m
[0mGET /resources/view/js/navbar-ontop.js [36m304 [0m1.688 ms - -[0m
[0mGET /resources/view/js/animate-in.js [36m304 [0m0.944 ms - -[0m
[0mGET /resources/clusteredMap/leaflet.markercluster-src.js [36m304 [0m0.452 ms - -[0m
[0mGET /resources/clusteredMap/MarkerCluster.css [32m200 [0m26.213 ms - 886[0m
[0mGET /resources/clusteredMap/MarkerCluster.Default.css [32m200 [0m24.368 ms - 1346[0m
[0mGET /resources/view/js/smooth-scroll.js [36m304 [0m0.514 ms - -[0m
[0mGET / [32m200 [0m4.546 ms - 8124[0m
[0mGET /resources/view/js/smooth-scroll.js [36m304 [0m1.296 ms - -[0m
[0mGET /resources/view/js/navbar-ontop.js [36m304 [0m1.194 ms - -[0m
[0mGET /resources/view/js/animate-in.js [36m304 [0m0.468 ms - -[0m
[0mGET /resources/view/style/elegant.css [32m200 [0m0.878 ms - 160301[0m
[0mGET /resources/view/assets/cities/brasilia_1.jpg [32m200 [0m2.767 ms - 165496[0m
[0mGET /resources/view/assets/cities/lacountry_1.jpg [36m304 [0m0.784 ms - -[0m
[0mGET /resources/view/assets/logos/nodejs.png [32m200 [0m0.789 ms - 46753[0m
[0mGET /resources/view/assets/cities/madrid_1.jpg [36m304 [0m0.509 ms - -[0m
[0mGET /resources/view/assets/cities/cdmx_1.jpg [32m200 [0m1.905 ms - 143678[0m
[0mGET /resources/view/assets/cities/paris_1.jpeg [32m200 [0m2.989 ms - 174423[0m
[0mGET /resources/view/assets/cities/abudhabi_1.jpg [32m200 [0m1.656 ms - 145564[0m
[0mGET /resources/view/assets/logos/mongo.png [32m200 [0m0.787 ms - 24137[0m
[0mGET /resources/view/assets/logos/uami.png [32m200 [0m1.269 ms - 12555[0m
[0mGET /resources/view/assets/logos/leaflet.png [32m200 [0m1.469 ms - 38262[0m
[0mGET /busqueda/cdmx [32m200 [0m3.925 ms - 6053[0m
[0mGET /resources/view/js/navbar-ontop.js [36m304 [0m0.587 ms - -[0m
[0mGET /resources/view/js/smooth-scroll.js [36m304 [0m1.151 ms - -[0m
[0mGET /resources/view/js/animate-in.js [36m304 [0m1.214 ms - -[0m
[0mGET /resources/view/style/elegant.css [32m200 [0m2.696 ms - 160301[0m
[0mGET /resources/view/assets/types/gra.PNG [32m200 [0m0.808 ms - 28147[0m
[0mGET /resources/view/assets/types/mps.png [36m304 [0m0.483 ms - -[0m
[0mGET /searchRepVel/cdmx [32m200 [0m5.451 ms - 19077[0m
[0mGET /resources/view/style/elegant.css [36m304 [0m0.519 ms - -[0m
[0mGET /resources/view/js/navbar-ontop.js [36m304 [0m0.494 ms - -[0m
[0mGET /resources/view/js/animate-in.js [36m304 [0m0.616 ms - -[0m
[0mGET /resources/view/js/smooth-scroll.js [36m304 [0m0.503 ms - -[0m
[0mGET /views/bundle/plot_bundle_cdmx.js [32m200 [0m0.821 ms - 188166[0m
[0mGET / [32m200 [0m3.672 ms - 8124[0m
[0mGET /resources/view/style/elegant.css [32m200 [0m0.813 ms - 160301[0m
[0mGET /resources/view/js/navbar-ontop.js [36m304 [0m1.526 ms - -[0m
[0mGET /resources/view/js/animate-in.js [36m304 [0m0.551 ms - -[0m
[0mGET /resources/view/js/smooth-scroll.js [36m304 [0m0.496 ms - -[0m
[0mGET /resources/view/assets/cities/brasilia_1.jpg [32m200 [0m2.691 ms - 165496[0m
[0mGET /resources/view/assets/cities/lacountry_1.jpg [36m304 [0m0.688 ms - -[0m
[0mGET /resources/view/assets/logos/nodejs.png [32m200 [0m0.795 ms - 46753[0m
[0mGET /resources/view/assets/cities/madrid_1.jpg [36m304 [0m0.509 ms - -[0m
[0mGET /resources/view/assets/cities/cdmx_1.jpg [32m200 [0m2.774 ms - 143678[0m
[0mGET /resources/view/assets/cities/paris_1.jpeg [32m200 [0m2.525 ms - 174423[0m
[0mGET /resources/view/assets/cities/abudhabi_1.jpg [32m200 [0m2.564 ms - 145564[0m
[0mGET /resources/view/assets/logos/mongo.png [32m200 [0m0.801 ms - 24137[0m
[0mGET /resources/view/assets/logos/leaflet.png [32m200 [0m0.905 ms - 38262[0m
[0mGET /resources/view/assets/logos/uami.png [32m200 [0m0.857 ms - 12555[0m
[0mGET / [32m200 [0m3.066 ms - 8124[0m
[0mGET / [32m200 [0m3.045 ms - 8124[0m
[0mGET / [32m200 [0m3.011 ms - 8124[0m
[0mGET /favicon.ico [33m404 [0m101.120 ms - 150[0m
[0mGET / [32m200 [0m3.120 ms - 8124[0m
[0mGET / [32m200 [0m3.023 ms - 8124[0m
[0mGET /resources/view/js/navbar-ontop.js [36m304 [0m0.605 ms - -[0m
[0mGET /resources/view/style/elegant.css [32m200 [0m0.884 ms - 160301[0m
[0mGET /resources/view/js/animate-in.js [36m304 [0m0.554 ms - -[0m
[0mGET /resources/view/js/smooth-scroll.js [36m304 [0m0.560 ms - -[0m
[0mGET /resources/view/assets/cities/paris_1.jpeg [32m200 [0m0.859 ms - 174423[0m
[0mGET /resources/view/assets/cities/cdmx_1.jpg [32m200 [0m0.941 ms - 143678[0m
[0mGET /resources/view/assets/logos/mongo.png [32m200 [0m1.923 ms - 24137[0m
[0mGET /resources/view/assets/logos/nodejs.png [32m200 [0m2.336 ms - 46753[0m
[0mGET /resources/view/assets/cities/madrid_1.jpg [36m304 [0m2.134 ms - -[0m
[0mGET /resources/view/assets/cities/lacountry_1.jpg [36m304 [0m2.247 ms - -[0m
[0mGET /resources/view/assets/logos/uami.png [32m200 [0m1.259 ms - 12555[0m
[0mGET /resources/view/assets/logos/leaflet.png [32m200 [0m1.465 ms - 38262[0m
[0mGET /resources/view/assets/cities/brasilia_1.jpg [32m200 [0m2.117 ms - 165496[0m
[0mGET /resources/view/assets/cities/abudhabi_1.jpg [32m200 [0m0.873 ms - 145564[0m
[0mGET /busqueda/cdmx [32m200 [0m4.055 ms - 6053[0m
[0mGET /resources/view/style/elegant.css [36m304 [0m0.594 ms - -[0m
[0mGET /resources/view/js/navbar-ontop.js [36m304 [0m1.027 ms - -[0m
[0mGET /resources/view/js/animate-in.js [36m304 [0m1.085 ms - -[0m
[0mGET /resources/view/js/smooth-scroll.js [36m304 [0m0.172 ms - -[0m
[0mGET /resources/view/assets/types/mps.png [36m304 [0m0.734 ms - -[0m
[0mGET /resources/view/assets/types/gra.PNG [32m200 [0m1.896 ms - 28147[0m
[0mGET /searchRepVel/cdmx [32m200 [0m5.990 ms - 19077[0m
[0mGET /resources/view/js/navbar-ontop.js [36m304 [0m1.212 ms - -[0m
[0mGET /resources/view/js/animate-in.js [36m304 [0m1.347 ms - -[0m
[0mGET /resources/view/js/smooth-scroll.js [36m304 [0m0.165 ms - -[0m
[0mGET /views/bundle/plot_bundle_cdmx.js [32m200 [0m0.864 ms - 188166[0m
[0mGET /resources/view/style/elegant.css [32m200 [0m3.097 ms - 160301[0m
[0mGET /busqueda/cdmx [32m200 [0m3.134 ms - 6053[0m
[0mGET /resources/view/style/elegant.css [36m304 [0m0.613 ms - -[0m
[0mGET /resources/view/js/animate-in.js [36m304 [0m0.551 ms - -[0m
[0mGET /resources/view/js/smooth-scroll.js [36m304 [0m1.035 ms - -[0m
[0mGET /resources/view/js/navbar-ontop.js [36m304 [0m2.321 ms - -[0m
[0mGET /resources/view/assets/types/gra.PNG [36m304 [0m1.026 ms - -[0m
[0mGET /resources/view/assets/types/mps.png [36m304 [0m1.072 ms - -[0m
[0mGET /searchMaps/cdmx [32m200 [0m3.897 ms - 7007[0m
[0mGET /resources/view/js/animate-in.js [36m304 [0m1.040 ms - -[0m
[0mGET /resources/view/js/navbar-ontop.js [36m304 [0m1.007 ms - -[0m
[0mGET /resources/view/js/smooth-scroll.js [36m304 [0m1.020 ms - -[0m
[0mGET /resources/view/style/table.css [32m200 [0m1.439 ms - 134[0m
[0mGET /resources/view/style/elegant.css [32m200 [0m0.834 ms - 160301[0m
[0mGET / [32m200 [0m3.062 ms - 8124[0m
[0mGET /resources/view/js/animate-in.js [36m304 [0m1.471 ms - -[0m
[0mGET /resources/view/style/elegant.css [36m304 [0m1.557 ms - -[0m
[0mGET /resources/view/js/navbar-ontop.js [36m304 [0m1.759 ms - -[0m
[0mGET /resources/view/js/smooth-scroll.js [36m304 [0m0.638 ms - -[0m
[0mGET /resources/view/assets/cities/cdmx_1.jpg [32m200 [0m0.866 ms - 143678[0m
[0mGET /resources/view/assets/logos/nodejs.png [32m200 [0m2.592 ms - 46753[0m
[0mGET /resources/view/assets/logos/mongo.png [32m200 [0m0.837 ms - 24137[0m
[0mGET /resources/view/assets/logos/leaflet.png [32m200 [0m0.834 ms - 38262[0m
[0mGET /resources/view/assets/logos/uami.png [32m200 [0m0.833 ms - 12555[0m
[0mGET /resources/view/assets/cities/lacountry_1.jpg [36m304 [0m0.537 ms - -[0m
[0mGET /resources/view/assets/cities/madrid_1.jpg [36m304 [0m0.536 ms - -[0m
[0mGET /resources/view/assets/cities/brasilia_1.jpg [32m200 [0m2.772 ms - 165496[0m
[0mGET /resources/view/assets/cities/paris_1.jpeg [32m200 [0m2.385 ms - 174423[0m
[0mGET /resources/view/assets/cities/abudhabi_1.jpg [32m200 [0m3.013 ms - 145564[0m
[0mHEAD / [32m200 [0m3.061 ms - 8124[0m
[0mGET / [32m200 [0m4.140 ms - 8124[0m
[0mGET / [36m304 [0m3.177 ms - -[0m
[0mGET /resources/view/style/elegant.css [36m304 [0m0.543 ms - -[0m
[0mGET /resources/view/js/animate-in.js [36m304 [0m1.021 ms - -[0m
[0mGET /resources/view/js/navbar-ontop.js [36m304 [0m1.073 ms - -[0m
[0mGET /resources/view/js/smooth-scroll.js [36m304 [0m0.569 ms - -[0m
[0mGET /resources/view/assets/cities/lacountry_1.jpg [36m304 [0m1.047 ms - -[0m
[0mGET /resources/view/assets/cities/cdmx_1.jpg [36m304 [0m1.047 ms - -[0m
[0mGET /resources/view/assets/cities/abudhabi_1.jpg [36m304 [0m0.153 ms - -[0m
[0mGET /resources/view/assets/cities/brasilia_1.jpg [36m304 [0m1.620 ms - -[0m
[0mGET /resources/view/assets/cities/madrid_1.jpg [36m304 [0m1.439 ms - -[0m
[0mGET /resources/view/assets/logos/nodejs.png [36m304 [0m2.022 ms - -[0m
[0mGET /resources/view/assets/logos/leaflet.png [36m304 [0m1.391 ms - -[0m
[0mGET /resources/view/assets/logos/mongo.png [36m304 [0m0.820 ms - -[0m
[0mGET /resources/view/assets/logos/uami.png [36m304 [0m0.524 ms - -[0m
[0mGET /resources/view/assets/cities/paris_1.jpeg [32m200 [0m1.035 ms - 174423[0m
[0mGET / [32m200 [0m3.927 ms - 8124[0m
[0mGET / [32m200 [0m2.972 ms - 8124[0m
[0mGET / [32m200 [0m3.073 ms - 8124[0m
[0mGET / [32m200 [0m3.013 ms - 8124[0m
[0mGET / [32m200 [0m3.151 ms - 8124[0m
[0mGET / [32m200 [0m0.795 ms - 8124[0m
[0mGET / [32m200 [0m4.270 ms - 8124[0m
[0mGET /resources/view/style/elegant.css [32m200 [0m0.456 ms - 160301[0m
[0mGET /resources/view/js/animate-in.js [32m200 [0m18.812 ms - 1881[0m
[0mGET /resources/view/js/navbar-ontop.js [32m200 [0m30.299 ms - 1095[0m
[0mGET /resources/view/js/smooth-scroll.js [32m200 [0m33.172 ms - 1477[0m
[0mGET /resources/view/assets/cities/cdmx_1.jpg [32m200 [0m4.416 ms - 143678[0m
[0mGET /resources/view/assets/cities/brasilia_1.jpg [32m200 [0m3.742 ms - 165496[0m
[0mGET /resources/view/assets/cities/paris_1.jpeg [32m200 [0m3.595 ms - 174423[0m
[0mGET /resources/view/assets/cities/abudhabi_1.jpg [32m200 [0m3.471 ms - 145564[0m
[0mGET /resources/view/assets/logos/nodejs.png [32m200 [0m0.939 ms - 46753[0m
[0mGET /resources/view/assets/logos/mongo.png [32m200 [0m1.161 ms - 24137[0m
[0mGET /resources/view/assets/logos/leaflet.png [32m200 [0m1.145 ms - 38262[0m
[0mGET /resources/view/assets/logos/uami.png [32m200 [0m1.268 ms - 12555[0m
[0mGET /resources/view/assets/cities/madrid_1.jpg [32m200 [0m40.744 ms - 261983[0m
[0mGET /resources/view/assets/cities/lacountry_1.jpg [32m200 [0m27.211 ms - 904602[0m
[0mGET / [36m304 [0m2.993 ms - -[0m
[0mGET /resources/view/js/navbar-ontop.js [36m304 [0m1.153 ms - -[0m
[0mGET /resources/view/js/animate-in.js [36m304 [0m1.172 ms - -[0m
[0mGET /resources/view/style/elegant.css [32m200 [0m1.954 ms - 160301[0m
[0mGET /resources/view/js/smooth-scroll.js [36m304 [0m0.190 ms - -[0m
[0mGET /resources/view/assets/cities/lacountry_1.jpg [36m304 [0m0.695 ms - -[0m
[0mGET /resources/view/assets/cities/paris_1.jpeg [36m304 [0m2.084 ms - -[0m
[0mGET /resources/view/assets/cities/abudhabi_1.jpg [36m304 [0m3.624 ms - -[0m
[0mGET /resources/view/assets/cities/brasilia_1.jpg [36m304 [0m2.598 ms - -[0m
[0mGET /resources/view/assets/cities/cdmx_1.jpg [32m200 [0m3.744 ms - 143678[0m
[0mGET /resources/view/assets/cities/madrid_1.jpg [36m304 [0m2.632 ms - -[0m
[0mGET /resources/view/assets/logos/nodejs.png [36m304 [0m2.566 ms - -[0m
[0mGET /resources/view/assets/logos/mongo.png [36m304 [0m0.974 ms - -[0m
[0mGET /resources/view/assets/logos/leaflet.png [36m304 [0m1.626 ms - -[0m
[0mGET /resources/view/assets/logos/uami.png [36m304 [0m1.426 ms - -[0m
[0mGET / [32m200 [0m2.542 ms - 8124[0m
[0mGET / [32m200 [0m4.020 ms - 8124[0m
[0mGET / [32m200 [0m3.035 ms - 8124[0m
[0mGET / [32m200 [0m64.211 ms - 8124[0m
[0mGET /dev/loader [33m404 [0m0.554 ms - 149[0m
